Minimum in the potential energy:
-115.601338635867
Invariance of current potential:
74143.88597639838
74143.88597639838
74143.88597639838
Initializing fit coordinates...
  0.234233 seconds (73.56 k allocations: 5.604 MiB, 99.71% compilation time)
Done!
Begin fitting...
  4.270428 seconds (6.35 M allocations: 424.479 MiB, 13.01% gc time, 99.99% compilation time)
Done!
Parameters of fit:
f  0 0 0 0 0 0 0 0 0 0 0 0   0.007158004071597275
f  0 0 0 0 0 0 1 0 0 0 0 0   -407.3968887959486
f  0 0 0 0 0 0 2 0 0 0 0 0   14486.765086667496
f  0 0 0 0 0 0 3 0 0 0 0 0   -2536.9492956781637
f  0 0 0 0 0 0 4 0 0 0 0 0   1713.6399037969848
f  0 0 0 0 0 0 5 0 0 0 0 0   -684.0480567022664
f  0 0 0 0 0 0 6 0 0 0 0 0   -314.5102925852594
f  0 0 0 0 0 0 7 0 0 0 0 0   495.25986113140436
f  0 0 0 0 0 0 8 0 0 0 0 0   -318.58583492602867
Displaying energies at grid
1.4296 0.95887 1.092294 1.092294 1.092294 107.9812 110.6646 110.6646 110.6646 0.0 119.99999999999999 240.0  0.0  0.04294802442958365  -0.04294802442958365
1.4296 0.95887 1.092294 1.092294 1.092294 107.9812 100.6646 110.6646 110.6646 0.0 120.0 240.0  1055.238396923989  1055.1898467876235  0.0485501363655203
1.4296 0.95887 1.092294 1.092294 1.092294 107.9812 105.6646 110.6646 110.6646 0.0 120.0 240.0  295.3508389815688  295.3705107756665  -0.0196717940976896
1.4296 0.95887 1.092294 1.092294 1.092294 107.9812 115.6646 110.6646 110.6646 0.0 120.0 240.0  146.40274142101407  146.40445475117178  -0.0017133301577132443
1.4296 0.95887 1.092294 1.092294 1.092294 107.9812 120.6646 110.6646 110.6646 0.0 120.0 240.0  716.4395310133696  716.3882602946646  0.051270718704927276
1.4296 0.95887 1.092294 1.092294 1.092294 107.9812 130.6646 110.6646 110.6646 0.0 120.0 240.0  3073.2676830738783  3073.2976312189576  -0.029948145079288224
1.4296 0.95887 1.092294 1.092294 1.092294 107.9812 140.6646 110.6646 110.6646 0.0 120.0 240.0  6986.22294440493  6986.214102317625  0.008842087305310997
1.4296 0.95887 1.092294 1.092294 1.092294 107.9812 160.6646 110.6646 110.6646 0.0 120.0 240.0  19166.341863181442  19166.532962456426  -0.19109927498357138
1.4296 0.95887 1.092294 1.092294 1.092294 107.9812 170.6646 110.6646 110.6646 0.0 120.0 240.0  27109.07381889224  27108.652861506114  0.420957386126247
1.4296 0.95887 1.092294 1.092294 1.092294 107.9812 60.6646 110.6646 110.6646 0.0 120.0 240.0  27953.616443939507  27953.820407585372  -0.20396364586486015
1.4296 0.95887 1.092294 1.092294 1.092294 107.9812 80.6646 110.6646 110.6646 0.0 120.0 240.0  9382.466312404722  9382.463122914654  0.0031894900675979443
1.4296 0.95887 1.092294 1.092294 1.092294 107.9812 90.6646 110.6646 110.6646 0.0 120.0 240.0  4086.6557410247624  4086.672623633731  -0.0168826089684444
rms:
0.14827219958164167
Error in parameters: 
error
