Minimum in the potential energy:
-115.601338635867
Invariance of current potential:
70607.5007380784
70607.5007380784
70607.5007380784
Initializing fit coordinates...
  0.165820 seconds (73.56 k allocations: 5.604 MiB, 99.74% compilation time)
Done!
Begin fitting...
  4.141286 seconds (6.35 M allocations: 424.487 MiB, 11.18% gc time, 99.99% compilation time)
Done!
Parameters of fit:
f  0 0 0 0 0 0 0 0 0 0 0 0   -0.0016585184904933544
f  0 0 0 0 0 1 0 0 0 0 0 0   27.519467626588344
f  0 0 0 0 0 2 0 0 0 0 0 0   3691.767058220923
f  0 0 0 0 0 3 0 0 0 0 0 0   208.56335856190836
f  0 0 0 0 0 4 0 0 0 0 0 0   805.6955852087012
f  0 0 0 0 0 5 0 0 0 0 0 0   -138.7666755664839
f  0 0 0 0 0 6 0 0 0 0 0 0   124.69596528154783
f  0 0 0 0 0 7 0 0 0 0 0 0   62.52703619739617
f  0 0 0 0 0 8 0 0 0 0 0 0   461.5975704127019
Displaying energies at grid
1.4296 0.95887 1.092294 1.092294 1.092294 107.9812 110.6646 110.6646 110.6646 0.0 119.99999999999999 240.0  0.0  -0.009951110942960126  0.009951110942960126
1.4296 0.95887 1.092294 1.092294 1.092294 102.9812 110.6646 110.6646 110.6646 0.0 120.0 240.0  171.45887556299567  171.42257152190422  0.03630404109145502
1.4296 0.95887 1.092294 1.092294 1.092294 112.9812 110.6646 110.6646 110.6646 0.0 120.0 240.0  133.94963700696826  133.97214977393833  -0.022512766970066878
1.4296 0.95887 1.092294 1.092294 1.092294 117.9812 110.6646 110.6646 110.6646 0.0 120.0 240.0  542.0609460361302  542.069510942826  -0.008564906695823993
1.4296 0.95887 1.092294 1.092294 1.092294 127.9812 110.6646 110.6646 110.6646 0.0 120.0 240.0  2042.6115793921053  2042.5898848226302  0.021694569475130265
1.4296 0.95887 1.092294 1.092294 1.092294 137.9812 110.6646 110.6646 110.6646 0.0 120.0 240.0  4194.395076412708  4194.407960495127  -0.012884082419077458
1.4296 0.95887 1.092294 1.092294 1.092294 157.9812 110.6646 110.6646 110.6646 0.0 120.0 240.0  8941.71205310151  8941.706938677304  0.005114424206112744
1.4296 0.95887 1.092294 1.092294 1.092294 167.9812 110.6646 110.6646 110.6646 0.0 120.0 240.0  10677.72478961572  10677.727363979537  -0.0025743638161657145
1.4296 0.95887 1.092294 1.092294 1.092294 57.9812 110.6646 110.6646 110.6646 0.0 120.0 240.0  19564.112909682095  19564.102922526396  0.009987155699491268
1.4296 0.95887 1.092294 1.092294 1.092294 77.9812 110.6646 110.6646 110.6646 0.0 120.0 240.0  6523.95831592381  6523.959470659373  -0.001154735563432041
1.4296 0.95887 1.092294 1.092294 1.092294 87.9812 110.6646 110.6646 110.6646 0.0 120.0 240.0  2793.508472364396  2793.5011959580766  0.007276406319306261
1.4296 0.95887 1.092294 1.092294 1.092294 97.9812 110.6646 110.6646 110.6646 0.0 120.0 240.0  677.1375819779932  677.1704313188488  -0.032849340855591436
rms:
0.01802713440251148
Error in parameters: 
error
