Minimum in the potential energy:
-115.602443741546
Invariance of current potential:
Symmetry Operation E: 0.0
Symmetry Operation (123): -7.016609515630989e-14
Symmetry Operation (123): 0.0
Symmetry Operation (12)*: -7.016609515630989e-14
Symmetry Operation (23)*: -7.016609515630989e-14
Symmetry Operation (23)*: 0.0
Initializing fit coordinates...
  0.136410 seconds (71.96 k allocations: 5.319 MiB, 99.49% compilation time)
Done!
Begin fitting...
  4.015846 seconds (6.35 M allocations: 424.460 MiB, 10.19% gc time, 99.64% compilation time)
Done!
Parameters of fit:
f  0 0 0 0 0 0 0 0 0 0 0 0   20.124713664926073
f  0 0 0 0 0 0 0 0 0 0 0 3   20.21057754971326
f  0 0 0 0 0 0 0 0 0 0 0 6   0.08723761120615185
f  0 0 0 0 0 0 0 0 0 0 0 9   0.001331872720872861
f  0 0 0 0 0 0 0 0 0 0 0 12   -5.8874073846854005e-5
f  0 0 0 0 0 0 0 0 0 0 0 15   -2.11156599577043e-5
f  0 0 0 0 0 0 0 0 0 0 0 18   -4.095284156467159e-6
Displaying energies at grid
1.4296 0.95887 1.092294 1.092294 1.092294 107.9812 110.6646 110.6646 110.6646 0.0 -119.99999999999999 -240.0  242.54266000911593  242.5426596812904  3.2782554626464844e-7
1.4296 0.95887 1.092294 1.092294 1.092294 107.9812 110.6646 110.6646 110.6646 10.0 130.0 250.0  226.02754701673985  226.02754723653183  -2.1979198550070578e-7
1.4296 0.95887 1.092294 1.092294 1.092294 107.9812 110.6646 110.6646 110.6646 20.0 140.0 260.0  181.11039927229285  181.1103992722892  3.666400516522117e-12
1.4296 0.95887 1.092294 1.092294 1.092294 107.9812 110.6646 110.6646 110.6646 30.0 150.0 270.0  120.22452786937356  120.2245276495814  2.1979215603096236e-7
1.4296 0.95887 1.092294 1.092294 1.092294 107.9812 110.6646 110.6646 110.6646 40.0 160.0 280.0  59.863043908029795  59.86304314061998  7.67409815694009e-7
1.4296 0.95887 1.092294 1.092294 1.092294 107.9812 110.6646 110.6646 110.6646 50.0 170.0 290.0  15.992845017462969  15.99284479767087  2.197920991875435e-7
1.4296 0.95887 1.092294 1.092294 1.092294 107.9812 110.6646 110.6646 110.6646 60.0 180.0 300.0  0.0  2.7000623958883807e-13  -2.7000623958883807e-13
1.4296 0.95887 1.092294 1.092294 1.092294 107.9812 110.6646 110.6646 110.6646 70.0 190.0 310.0  15.992844577878714  15.992844797670841  -2.1979212760925293e-7
1.4296 0.95887 1.092294 1.092294 1.092294 107.9812 110.6646 110.6646 110.6646 80.0 200.0 320.0  59.86304237321019  59.86304314061995  -7.674097588505902e-7
1.4296 0.95887 1.092294 1.092294 1.092294 107.9812 110.6646 110.6646 110.6646 90.0 210.0 330.0  120.2245274297893  120.22452764958136  -2.1979205655497935e-7
1.4296 0.95887 1.092294 1.092294 1.092294 107.9812 110.6646 110.6646 110.6646 110.0 230.0 350.0  226.0275474563241  226.0275472365319  2.1979221287438122e-7
1.4296 0.95887 1.092294 1.092294 1.092294 107.9812 110.6646 110.6646 110.6646 120.0 240.0 360.0  242.54265935346484  242.5426596812904  -3.2782554626464844e-7
rms:
3.744580707186291e-7
Error in parameters: 
error
