Minimum in the potential energy:
-115.601338635867
Invariance of current potential...
Potential before transformations:
9.595443368125649e17
Symmetry Operation E: 0.0
Symmetry Operation (123): 3456.0
Symmetry Operation (132): -2560.0
Symmetry Operation (12)*: 3456.0
Symmetry Operation (23)*: 0.0
Symmetry Operation (13)*: -2560.0
Initializing fit coordinates...
  0.153094 seconds (78.66 k allocations: 6.508 MiB, 99.37% compilation time)
Done!
Begin fitting...
  0.131229 seconds (108.47 k allocations: 7.334 MiB, 99.80% compilation time)
Done!
Parameters of fit:
f  0 0 0 0 0 0 0 0 0 0 0 0   -2.6287044168078775
f  0 0 0 0 0 0 0 0 0 1 0 1   29.62325571567808
f  0 0 0 0 0 0 0 0 0 2 0 0   3411.281815470722
f  0 0 0 0 0 0 0 0 0 4 0 0   -286.4717100237712
f  0 0 0 0 0 0 0 0 0 5 0 0   573.2890984819929
f  0 0 0 0 0 0 0 0 0 8 0 0   46.777696307274816
f  0 0 0 0 0 0 0 0 0 1 2 0   -1.5560676901256924e11
h  0 0 0 0 0 0 0 0 0 2 1 1   3.11213541520621e11
Displaying energies at grid
1.4296 0.95887 1.092294 1.092294 1.092294 107.9812 110.6646 110.6646 110.6646 0.0 120.0 240.0  0.0  -15.772226500847296  15.772226500847296
1.4296 0.95887 1.092294 1.092294 1.092294 107.9812 110.6646 110.6646 110.6646 2.3570226 118.8214887 238.8214887  72.91109926998615  62.125584617225265  10.785514652760888
1.4296 0.95887 1.092294 1.092294 1.092294 107.9812 110.6646 110.6646 110.6646 -2.3570226 121.1785113 241.1785113  72.91110058873892  62.125582052844344  10.785518535894575
1.4296 0.95887 1.092294 1.092294 1.092294 107.9812 110.6646 110.6646 110.6646 4.71404521 117.6429774 237.6429774  291.6579061858356  295.44269968703765  -3.7847935012020457
1.4296 0.95887 1.092294 1.092294 1.092294 107.9812 110.6646 110.6646 110.6646 -4.71404521 122.3570226 242.3570226  291.6579044274986  295.44269968703765  -3.7847952595390666
1.4296 0.95887 1.092294 1.092294 1.092294 107.9812 110.6646 110.6646 110.6646 18.85618083 110.57190958 230.57190958  4666.246786899865  4817.686029675255  -151.43924277539008
1.4296 0.95887 1.092294 1.092294 1.092294 107.9812 110.6646 110.6646 110.6646 -18.85618083 129.42809042 249.42809042  4666.246787998825  4817.686949612764  -151.44016161393847
1.4296 0.95887 1.092294 1.092294 1.092294 107.9812 110.6646 110.6646 110.6646 28.28427125 105.85786438 225.85786438  10466.937215890735  10532.971717320384  -66.03450142964903
1.4296 0.95887 1.092294 1.092294 1.092294 107.9812 110.6646 110.6646 110.6646 -28.28427125 134.14213562 254.14213562  10466.937214355916  10532.971717320384  -66.03450296446863
1.4296 0.95887 1.092294 1.092294 1.092294 107.9812 110.6646 110.6646 110.6646 37.71236166 101.14381917 221.14381917  18452.998505331576  18341.049870526294  111.94863480528147
1.4296 0.95887 1.092294 1.092294 1.092294 107.9812 110.6646 110.6646 110.6646 -37.71236166 138.85618083 258.85618083  18452.998505990952  18341.047693772776  111.950812218176
1.4296 0.95887 1.092294 1.092294 1.092294 107.9812 110.6646 110.6646 110.6646 47.14045208 96.42977396 216.42977396  28783.343067131937  30274.87238170187  -1491.5293145699325
1.4296 0.95887 1.092294 1.092294 1.092294 107.9812 110.6646 110.6646 110.6646 0.0 117.95875855 242.04124145  69.90477661043406  68.14412254095078  1.7606540694832802
1.4296 0.95887 1.092294 1.092294 1.092294 107.9812 110.6646 110.6646 110.6646 0.0 122.04124145 237.95875855  82.03483785316348  56.107042014598846  25.927795838564634
1.4296 0.95887 1.092294 1.092294 1.092294 107.9812 110.6646 110.6646 110.6646 0.0 115.9175171 244.0824829  285.5445672236383  297.1172978878021  -11.572730664163828
1.4296 0.95887 1.092294 1.092294 1.092294 107.9812 110.6646 110.6646 110.6646 0.0 124.0824829 235.9175171  322.274967353791  293.6237292289734  28.65123812481761
1.4296 0.95887 1.092294 1.092294 1.092294 107.9812 110.6646 110.6646 110.6646 0.0 111.83503419 248.16496581  1129.1534275822341  1146.730110168457  -17.576682586222887
1.4296 0.95887 1.092294 1.092294 1.092294 107.9812 110.6646 110.6646 110.6646 0.0 128.16496581 231.83503419  1303.0703656673431  1296.5538806915283  6.516484975814819
1.4296 0.95887 1.092294 1.092294 1.092294 107.9812 110.6646 110.6646 110.6646 0.0 107.75255129 252.24744871  2480.057821381837  2454.489917755127  25.567903626710176
1.4296 0.95887 1.092294 1.092294 1.092294 107.9812 110.6646 110.6646 110.6646 0.0 132.24744871 227.75255129  2995.7339766658843  3029.4724044799805  -33.73842781409621
1.4296 0.95887 1.092294 1.092294 1.092294 107.9812 110.6646 110.6646 110.6646 0.0 99.58758548 260.41241452  6483.5762279853225  6314.966094970703  168.61013301461935
1.4296 0.95887 1.092294 1.092294 1.092294 107.9812 110.6646 110.6646 110.6646 0.0 140.41241452 219.58758548  8750.893590167165  8556.327117919922  194.56647224724293
1.4296 0.95887 1.092294 1.092294 1.092294 107.9812 110.6646 110.6646 110.6646 0.0 95.50510257 264.49489743  9012.90508807078  9004.256927490234  8.648160580545664
rms:
321.33946412750475
Error in parameters: 
error
