Minimum in the potential energy:
-115.602443741546
Invariance of current potential...
Potential before transformations:
319.8075384462767
Symmetry Operation E: 0.0
Symmetry Operation (123): 0.0
Symmetry Operation (132): 0.0
Symmetry Operation (12)*: 0.0
Symmetry Operation (23)*: 0.0
Symmetry Operation (13)*: 0.0
Initializing fit coordinates...
  0.204070 seconds (269.03 k allocations: 18.601 MiB, 5.73% gc time, 99.75% compilation time)
Done!
Begin fitting...
  0.066466 seconds (112.65 k allocations: 7.617 MiB, 99.63% compilation time)
Done!
Parameters of fit:
f  0 0 0 0 0 0 0 0 0 0 0 0   -19.3723879514549
f  2 0 0 0 0 0 0 0 0 0 0 0   40488.64911711241
f  3 0 0 0 0 0 0 0 0 0 0 0   -847.9646095328828
f  4 0 0 0 0 0 0 0 0 0 0 0   2234.6297352631477
f  5 0 0 0 0 0 0 0 0 0 0 0   980.2067655409888
f  6 0 0 0 0 0 0 0 0 0 0 0   2262.978914472863
f  7 0 0 0 0 0 0 0 0 0 0 0   10.522137246250727
f  8 0 0 0 0 0 0 0 0 0 0 0   -2858.7819923038996
Displaying energies at grid
1.4296 0.95887 1.092294 1.092294 1.092294 107.9812 110.6646 110.6646 110.6646 60.0 180.0 300.0  0.0  -0.07177913865490762  0.07177913865490762
1.3796 0.95887 1.092294 1.092294 1.092294 107.9812 110.6646 110.6646 110.6646 60.0 180.0 300.0  201.59944852814078  201.60063220494354  -0.0011836768027535527
1.4796 0.95887 1.092294 1.092294 1.092294 107.9812 110.6646 110.6646 110.6646 60.0 180.0 300.0  460.5793635621667  460.5984761565488  -0.019112594382136194
1.3296 0.95887 1.092294 1.092294 1.092294 107.9812 110.6646 110.6646 110.6646 60.0 180.0 300.0  1282.1866683289409  1282.1467328042115  0.03993552472934425
1.5296 0.95887 1.092294 1.092294 1.092294 107.9812 110.6646 110.6646 110.6646 60.0 180.0 300.0  1414.0386559255421  1414.1758517864814  -0.13719586093930047
1.2296 0.95887 1.092294 1.092294 1.092294 107.9812 110.6646 110.6646 110.6646 60.0 180.0 300.0  7273.363798674196  7273.366345612973  -0.002546938777413743
1.6296 0.95887 1.092294 1.092294 1.092294 107.9812 110.6646 110.6646 110.6646 60.0 180.0 300.0  4298.328303836286  4298.3049309633125  0.023372872973595804
1.1296 0.95887 1.092294 1.092294 1.092294 107.9812 110.6646 110.6646 110.6646 60.0 180.0 300.0  21312.843149278313  21312.70734608421  0.13580319410175434
1.7296 0.95887 1.092294 1.092294 1.092294 107.9812 110.6646 110.6646 110.6646 60.0 180.0 300.0  7900.238969992846  7900.138204568709  0.10076542413753486
1.8296 0.95887 1.092294 1.092294 1.092294 107.9812 110.6646 110.6646 110.6646 60.0 180.0 300.0  11755.455856565386  11755.610331509712  -0.15447494432555686
1.9296 0.95887 1.092294 1.092294 1.092294 107.9812 110.6646 110.6646 110.6646 60.0 180.0 300.0  15577.309661924839  15577.03739738288  0.2722645419598848
2.1296 0.95887 1.092294 1.092294 1.092294 107.9812 110.6646 110.6646 110.6646 60.0 180.0 300.0  22485.087277583778  22496.06846808057  -10.981190496793715
Total rms:
3.1720080477503885
rms for energies below 10000 cm-1:
0.06767840893234237
rms for energies below 5000 cm-1:
0.06643640905175625
rms for energies below 1000 cm-1:
0.0428910911527864
Error in parameters: 
error
