Minimum in the potential energy:
-115.602443741546
Invariance of current potential:
Symmetry Operation E: 0.0
Symmetry Operation (123): 0.0
Symmetry Operation (132): 0.0
Symmetry Operation (12)*: 0.0
Symmetry Operation (23)*: 0.0
Symmetry Operation (13)*: 0.0
Initializing fit coordinates...
  0.184477 seconds (332.86 k allocations: 51.635 MiB, 5.20% gc time, 87.12% compilation time)
Done!
Begin fitting...
  3.941514 seconds (6.35 M allocations: 425.688 MiB, 8.03% gc time, 99.96% compilation time)
Done!
Parameters of fit:
f  0 0 0 0 0 0 0 0 0 0 0 0   20.124482539621823
f  0 0 0 0 0 0 0 0 0 0 0 3   20.210115299104682
f  0 0 0 0 0 0 0 0 0 0 0 6   0.08677536059734658
f  0 0 0 0 0 0 0 0 0 0 0 9   0.0008696221119838261
f  0 0 0 0 0 0 0 0 0 0 0 12   -0.0005211246826521479
f  0 0 0 0 0 0 0 0 0 0 0 15   -0.000483366268550015
f  0 0 0 0 0 0 0 0 0 0 0 18   -0.0002352205884090696
f  1 0 0 0 0 0 0 0 0 0 0 0   236.6590997260358
f  0 1 0 0 0 0 0 0 0 0 0 0   142.56742848135903
f  0 0 1 0 0 0 0 0 0 0 0 0   116.52009079777403
f  0 0 0 0 0 1 0 0 0 0 0 0   27.520498072391828
f  0 0 0 0 0 0 1 0 0 0 0 0   -407.4216430684981
f  2 0 0 0 0 0 0 0 0 0 0 0   10923.928006825496
f  0 2 0 0 0 0 0 0 0 0 0 0   12752.217720856906
f  0 0 2 0 0 0 0 0 0 0 0 0   27234.67526261005
f  0 0 0 0 0 2 0 0 0 0 0 0   3691.815163209889
f  0 0 0 0 0 0 2 0 0 0 0 0   14487.504124223367
f  3 0 0 0 0 0 0 0 0 0 0 0   -3480.6750745744994
f  0 3 0 0 0 0 0 0 0 0 0 0   -5225.06723542504
f  0 0 3 0 0 0 0 0 0 0 0 0   -6941.821677473926
f  0 0 0 0 0 3 0 0 0 0 0 0   208.5426593526722
f  0 0 0 0 0 0 3 0 0 0 0 0   -2536.453855092898
f  4 0 0 0 0 0 0 0 0 0 0 0   659.7896074420814
f  0 4 0 0 0 0 0 0 0 0 0 0   1439.9365124563994
f  0 0 4 0 0 0 0 0 0 0 0 0   2224.157454294161
f  0 0 0 0 0 4 0 0 0 0 0 0   805.2266498507516
f  0 0 0 0 0 0 4 0 0 0 0 0   1709.0984751456049
f  5 0 0 0 0 0 0 0 0 0 0 0   -386.9121374018695
f  0 5 0 0 0 0 0 0 0 0 0 0   -503.1828026068457
f  0 0 5 0 0 0 0 0 0 0 0 0   -148.3358566199522
f  0 0 0 0 0 5 0 0 0 0 0 0   -138.70093774553095
f  0 0 0 0 0 0 5 0 0 0 0 0   -686.0923919540754
f  6 0 0 0 0 0 0 0 0 0 0 0   413.79533959368763
f  0 6 0 0 0 0 0 0 0 0 0 0   256.0032396792133
f  0 0 6 0 0 0 0 0 0 0 0 0   663.1859101347654
f  0 0 0 0 0 6 0 0 0 0 0 0   126.19551359007477
f  0 0 0 0 0 0 6 0 0 0 0 0   -304.73656375113967
f  0 7 0 0 0 0 0 0 0 0 0 0   -628.3561752374795
f  0 0 0 0 0 7 0 0 0 0 0 0   62.546809734684274
f  0 0 0 0 0 0 7 0 0 0 0 0   497.2103641797363
f  8 0 0 0 0 0 0 0 0 0 0 0   -1923.2097654724967
f  0 8 0 0 0 0 0 0 0 0 0 0   -1359.418536571936
f  0 0 8 0 0 0 0 0 0 0 0 0   -1170.9729527628044
f  0 0 0 0 0 8 0 0 0 0 0 0   460.1903440622671
f  0 0 0 0 0 0 8 0 0 0 0 0   -324.84727406292984
f  0 0 0 0 0 0 0 0 0 1 0 1   -19.157001953478556
f  0 0 0 0 0 0 0 0 0 2 0 0   3325.759597218259
f  0 0 0 0 0 0 0 0 0 4 0 0   15.017473233041155
f  0 0 0 0 0 0 0 0 0 5 0 0   -47.87560778155767
f  0 0 0 0 0 0 0 0 0 8 0 0   -0.6904113987261552
f  0 0 0 0 0 0 0 0 0 1 2 0   1041.3411155188996
Displaying energies at grid
1.4296 0.95887 1.092294 1.092294 1.092294 107.9812 110.6646 110.6646 110.6646 0.0 120.0 240.0  242.54266000911593  242.52601865937737  0.01664134973856335
1.1296 0.95887 1.092294 1.092294 1.092294 107.9812 110.6646 110.6646 110.6646 0.0 120.0 240.0  22329.731132499874  22328.439161609647  1.2919708902263665
1.2296 0.95887 1.092294 1.092294 1.092294 107.9812 110.6646 110.6646 110.6646 0.0 120.0 240.0  7906.5835588388145  7906.5922536700855  -0.00869483127098647
1.3296 0.95887 1.092294 1.092294 1.092294 107.9812 110.6646 110.6646 110.6646 0.0 120.0 240.0  1675.1057185083628  1675.0387902867346  0.06692822162813172
1.3796 0.95887 1.092294 1.092294 1.092294 107.9812 110.6646 110.6646 110.6646 0.0 120.0 240.0  510.5443367138505  510.6390041878434  -0.09466747399289943
1.4796 0.95887 1.092294 1.092294 1.092294 107.9812 110.6646 110.6646 110.6646 0.0 120.0 240.0  650.6448105797172  650.5666322970435  0.07817828267366167
1.5296 0.95887 1.092294 1.092294 1.092294 107.9812 110.6646 110.6646 110.6646 0.0 120.0 240.0  1562.663362890482  1562.6498287533236  0.01353413715833085
1.6296 0.95887 1.092294 1.092294 1.092294 107.9812 110.6646 110.6646 110.6646 0.0 120.0 240.0  4388.496801905334  4388.572441764966  -0.07563985963224695
1.7296 0.95887 1.092294 1.092294 1.092294 107.9812 110.6646 110.6646 110.6646 0.0 120.0 240.0  7954.202217828482  7954.143325968426  0.058891860056064615
1.8296 0.95887 1.092294 1.092294 1.092294 107.9812 110.6646 110.6646 110.6646 0.0 120.0 240.0  11787.123448628932  11787.152831653666  -0.029383024733760976
1.9296 0.95887 1.092294 1.092294 1.092294 107.9812 110.6646 110.6646 110.6646 0.0 120.0 240.0  15595.329773250967  15595.305206447863  0.024566803103880375
2.1296 0.95887 1.092294 1.092294 1.092294 107.9812 110.6646 110.6646 110.6646 0.0 120.0 240.0  22489.861106038094  22490.455171831825  -0.5940657937317155
1.4296 0.65887 1.092294 1.092294 1.092294 107.9812 110.6646 110.6646 110.6646 0.0 120.0 240.0  41872.16301018745  41871.9679483631  0.19506182434997754
1.4296 0.75887 1.092294 1.092294 1.092294 107.9812 110.6646 110.6646 110.6646 0.0 120.0 240.0  13925.103954404593  13925.106172014888  -0.0022176102957018884
1.4296 0.85887 1.092294 1.092294 1.092294 107.9812 110.6646 110.6646 110.6646 0.0 120.0 240.0  2777.3509621173143  2777.3255268105568  0.025435306757572107
1.4296 0.90887 1.092294 1.092294 1.092294 107.9812 110.6646 110.6646 110.6646 0.0 120.0 240.0  762.2803559526801  762.3628958199857  -0.08253986730562701
1.4296 1.00887 1.092294 1.092294 1.092294 107.9812 110.6646 110.6646 110.6646 0.0 120.0 240.0  780.548181924969  780.5511799810688  -0.002998056099841051
1.4296 1.05887 1.092294 1.092294 1.092294 107.9812 110.6646 110.6646 110.6646 0.0 120.0 240.0  2055.619678519666  2055.6846407139797  -0.06496219431346617
1.4296 1.15887 1.092294 1.092294 1.092294 107.9812 110.6646 110.6646 110.6646 0.0 120.0 240.0  5933.638298846781  5933.589457547056  0.04884129972560913
1.4296 1.25887 1.092294 1.092294 1.092294 107.9812 110.6646 110.6646 110.6646 0.0 120.0 240.0  10630.702522862703  10630.724426578967  -0.021903716264205286
1.4296 1.35887 1.092294 1.092294 1.092294 107.9812 110.6646 110.6646 110.6646 0.0 120.0 240.0  15458.67089883238  15458.671417015563  -0.0005181831820664229
1.4296 1.45887 1.092294 1.092294 1.092294 107.9812 110.6646 110.6646 110.6646 0.0 120.0 240.0  20037.399608071893  20035.51333867885  1.886269393042312
1.4296 1.65887 1.092294 1.092294 1.092294 107.9812 110.6646 110.6646 110.6646 0.0 120.0 240.0  27731.50083138421  27732.794372428903  -1.2935410446916649
1.4296 0.95887 0.792294 1.092294 1.092294 107.9812 110.6646 110.6646 110.6646 0.0 120.0 240.0  22665.581734035164  22665.49272998289  0.08900405227541341
1.4296 0.95887 0.892294 1.092294 1.092294 107.9812 110.6646 110.6646 110.6646 0.0 120.0 240.0  8100.2686483971775  8100.269456653092  -0.0008082559143076651
1.4296 0.95887 0.992294 1.092294 1.092294 107.9812 110.6646 110.6646 110.6646 0.0 120.0 240.0  1803.5664444826543  1803.5562936472365  0.010150835417789494
1.4296 0.95887 1.042294 1.092294 1.092294 107.9812 110.6646 110.6646 110.6646 0.0 120.0 240.0  584.875753544271  584.8973340324765  -0.021580488205472648
1.4296 0.95887 1.142294 1.092294 1.092294 107.9812 110.6646 110.6646 110.6646 0.0 120.0 240.0  557.2166208811104  557.1950127811863  0.021608099924151247
1.4296 0.95887 1.192294 1.092294 1.092294 107.9812 110.6646 110.6646 110.6646 0.0 120.0 240.0  1359.7337076030672  1359.744965048768  -0.011257445700948665
1.4296 0.95887 1.292294 1.092294 1.092294 107.9812 110.6646 110.6646 110.6646 0.0 120.0 240.0  3934.2332687675953  3934.2536556576592  -0.02038689006394634
1.4296 0.95887 1.392294 1.092294 1.092294 107.9812 110.6646 110.6646 110.6646 0.0 120.0 240.0  7233.101365234703  7233.0658719997855  0.03549323491733958
1.4296 0.95887 1.492294 1.092294 1.092294 107.9812 110.6646 110.6646 110.6646 0.0 120.0 240.0  10814.098653618246  10814.129330210535  -0.03067659228872799
1.4296 0.95887 1.592294 1.092294 1.092294 107.9812 110.6646 110.6646 110.6646 0.0 120.0 240.0  14411.091333147138  14411.069672675223  0.021660471915311064
1.4296 0.95887 1.792294 1.092294 1.092294 107.9812 110.6646 110.6646 110.6646 0.0 120.0 240.0  21086.531818490475  21087.432590753117  -0.9007722626411123
1.4296 0.95887 1.092294 1.092294 1.092294 102.9812 110.6646 110.6646 110.6646 0.0 120.0 240.0  414.0015355721116  413.9608916731389  0.040643898972689385
1.4296 0.95887 1.092294 1.092294 1.092294 112.9812 110.6646 110.6646 110.6646 0.0 120.0 240.0  376.4922970160842  376.5094854878373  -0.017188471753115664
1.4296 0.95887 1.092294 1.092294 1.092294 117.9812 110.6646 110.6646 110.6646 0.0 120.0 240.0  784.6036060452461  784.6106764823232  -0.007070437077118186
1.4296 0.95887 1.092294 1.092294 1.092294 127.9812 110.6646 110.6646 110.6646 0.0 120.0 240.0  2285.1542394012213  2285.135522704768  0.018716696453338955
1.4296 0.95887 1.092294 1.092294 1.092294 137.9812 110.6646 110.6646 110.6646 0.0 120.0 240.0  4436.9377364218235  4436.94901285909  -0.011276437266133144
1.4296 0.95887 1.092294 1.092294 1.092294 157.9812 110.6646 110.6646 110.6646 0.0 120.0 240.0  9184.254713110626  9184.250188893953  0.004524216672507464
1.4296 0.95887 1.092294 1.092294 1.092294 167.9812 110.6646 110.6646 110.6646 0.0 120.0 240.0  10920.267449624836  10920.26978685914  -0.0023372343039227417
1.4296 0.95887 1.092294 1.092294 1.092294 57.9812 110.6646 110.6646 110.6646 0.0 120.0 240.0  19806.65556969121  19806.643845934603  0.011723756608262192
1.4296 0.95887 1.092294 1.092294 1.092294 77.9812 110.6646 110.6646 110.6646 0.0 120.0 240.0  6766.500975932926  6766.502056026497  -0.001080093570635654
1.4296 0.95887 1.092294 1.092294 1.092294 87.9812 110.6646 110.6646 110.6646 0.0 120.0 240.0  3036.051132373512  3036.044216630195  0.006915743316767475
1.4296 0.95887 1.092294 1.092294 1.092294 97.9812 110.6646 110.6646 110.6646 0.0 120.0 240.0  919.6802419871092  919.7130944132622  -0.032852426152999215
1.4296 0.95887 1.092294 1.092294 1.092294 107.9812 100.6646 110.6646 110.6646 0.0 120.0 240.0  1297.781056933105  1297.7140714660013  0.06698546710367737
1.4296 0.95887 1.092294 1.092294 1.092294 107.9812 105.6646 110.6646 110.6646 0.0 120.0 240.0  537.8934989906847  537.868001894438  0.02549709624679508
1.4296 0.95887 1.092294 1.092294 1.092294 107.9812 115.6646 110.6646 110.6646 0.0 120.0 240.0  388.94540143013  388.8945809378694  0.05082049226058416
1.4296 0.95887 1.092294 1.092294 1.092294 107.9812 120.6646 110.6646 110.6646 0.0 120.0 240.0  958.9821910224855  958.9044535742988  0.07773744818666728
1.4296 0.95887 1.092294 1.092294 1.092294 107.9812 130.6646 110.6646 110.6646 0.0 120.0 240.0  3315.810343082994  3315.8646889548436  -0.0543458718493639
1.4296 0.95887 1.092294 1.092294 1.092294 107.9812 140.6646 110.6646 110.6646 0.0 120.0 240.0  7228.765604414046  7228.749262183359  0.016342230686859693
1.4296 0.95887 1.092294 1.092294 1.092294 107.9812 160.6646 110.6646 110.6646 0.0 120.0 240.0  19408.884523190558  19409.344911702392  -0.46038851183402585
1.4296 0.95887 1.092294 1.092294 1.092294 107.9812 170.6646 110.6646 110.6646 0.0 120.0 240.0  27351.616478901356  27350.82650282434  0.7899760770160356
1.4296 0.95887 1.092294 1.092294 1.092294 107.9812 60.6646 110.6646 110.6646 0.0 120.0 240.0  28196.159103948623  28196.533265575123  -0.3741616264996992
1.4296 0.95887 1.092294 1.092294 1.092294 107.9812 80.6646 110.6646 110.6646 0.0 120.0 240.0  9625.008972413838  9625.003287351938  0.005685061900294386
1.4296 0.95887 1.092294 1.092294 1.092294 107.9812 90.6646 110.6646 110.6646 0.0 120.0 240.0  4329.198401033878  4329.227407421899  -0.029006388021116436
1.4296 0.95887 1.092294 1.092294 1.092294 107.9812 110.6646 110.6646 110.6646 10.0 130.0 250.0  226.02754701673985  226.02754723653197  -2.1979212760925293e-7
1.4296 0.95887 1.092294 1.092294 1.092294 107.9812 110.6646 110.6646 110.6646 20.0 140.0 260.0  181.11039927229285  181.11039927229285  0.0
1.4296 0.95887 1.092294 1.092294 1.092294 107.9812 110.6646 110.6646 110.6646 30.0 150.0 270.0  120.22452786937356  120.22452764958145  2.1979211339839821e-7
1.4296 0.95887 1.092294 1.092294 1.092294 107.9812 110.6646 110.6646 110.6646 40.0 160.0 280.0  59.863043908029795  59.863043140620015  7.674097801668722e-7
1.4296 0.95887 1.092294 1.092294 1.092294 107.9812 110.6646 110.6646 110.6646 50.0 170.0 290.0  15.992845017462969  15.992844797670855  2.1979211339839821e-7
1.4296 0.95887 1.092294 1.092294 1.092294 107.9812 110.6646 110.6646 110.6646 60.0 180.0 300.0  0.0  -1.4210854715202004e-14  1.4210854715202004e-14
1.4296 0.95887 1.092294 1.092294 1.092294 107.9812 110.6646 110.6646 110.6646 70.0 190.0 310.0  15.992844577878714  15.992844797670827  -2.1979211339839821e-7
1.4296 0.95887 1.092294 1.092294 1.092294 107.9812 110.6646 110.6646 110.6646 80.0 200.0 320.0  59.86304237321019  59.863043140619986  -7.674097943777269e-7
1.4296 0.95887 1.092294 1.092294 1.092294 107.9812 110.6646 110.6646 110.6646 90.0 210.0 330.0  120.2245274297893  120.22452764958142  -2.1979211339839821e-7
1.4296 0.95887 1.092294 1.092294 1.092294 107.9812 110.6646 110.6646 110.6646 110.0 230.0 350.0  226.0275474563241  226.027547236532  2.197920991875435e-7
1.4296 0.95887 1.092294 1.092294 1.092294 107.9812 110.6646 110.6646 110.6646 120.0 240.0 360.0  242.54265935346484  242.52601865937737  0.01664069408747082
1.4296 0.95887 1.092294 1.092294 1.092294 107.9812 110.6646 110.6646 110.6646 0.0 117.95875855 242.04124145  312.44743661955  312.45548605016097  -0.00804943061098129
1.4296 0.95887 1.092294 1.092294 1.092294 107.9812 110.6646 110.6646 110.6646 0.0 122.04124145 237.95875855  324.5774978622794  324.56311622721944  0.014381635059976361
1.4296 0.95887 1.092294 1.092294 1.092294 107.9812 110.6646 110.6646 110.6646 0.0 115.9175171 244.0824829  528.0872272327542  528.1329867902372  -0.04575955748293836
1.4296 0.95887 1.092294 1.092294 1.092294 107.9812 110.6646 110.6646 110.6646 0.0 124.0824829 235.9175171  564.8176273629069  564.83233855993  -0.014711197023075329
1.4296 0.95887 1.092294 1.092294 1.092294 107.9812 110.6646 110.6646 110.6646 0.0 111.83503419 248.16496581  1371.69608759135  1371.7657191943083  -0.0696316029582249
1.4296 0.95887 1.092294 1.092294 1.092294 107.9812 110.6646 110.6646 110.6646 0.0 128.16496581 231.83503419  1545.613025676459  1545.6913612020858  -0.07833552562669865
1.4296 0.95887 1.092294 1.092294 1.092294 107.9812 110.6646 110.6646 110.6646 0.0 107.75255129 252.24744871  2722.600481390953  2722.5379801914246  0.06250119952846944
1.4296 0.95887 1.092294 1.092294 1.092294 107.9812 110.6646 110.6646 110.6646 0.0 132.24744871 227.75255129  3238.276636675  3238.2328902490353  0.04374642596485501
1.4296 0.95887 1.092294 1.092294 1.092294 107.9812 110.6646 110.6646 110.6646 0.0 99.58758548 260.41241452  6726.118887994438  6726.1329999317995  -0.014111937361121818
1.4296 0.95887 1.092294 1.092294 1.092294 107.9812 110.6646 110.6646 110.6646 0.0 140.41241452 219.58758548  8993.43625017628  8993.439663217236  -0.0034130409549106844
1.4296 0.95887 1.092294 1.092294 1.092294 107.9812 110.6646 110.6646 110.6646 0.0 95.50510257 264.49489743  9255.447748079896  9255.444061786066  0.003686293830469367
rms:
0.34302215174417205
Error in parameters: 
error
