Minimum in the potential energy:
-115.602443741546
Invariance of current potential...
Potential before transformations:
-1.5149552154783753e8
Symmetry Operation E: 0.0
Symmetry Operation (123): 0.0
Symmetry Operation (132): 0.0
Symmetry Operation (12)*: 0.0
Symmetry Operation (23)*: 0.0
Symmetry Operation (13)*: 0.0
Initializing fit coordinates...
  0.205874 seconds (274.93 k allocations: 19.648 MiB, 6.37% gc time, 99.49% compilation time)
Done!
Begin fitting...
  0.066750 seconds (112.96 k allocations: 7.670 MiB, 99.38% compilation time)
Done!
Parameters of fit:
f  0 0 0 0 0 0 0 0 0 0 0 0   -3.2685483909797943
f  0 0 2 0 0 0 0 0 0 0 0 0   107773.91042765386
f  0 0 3 0 0 0 0 0 0 0 0 0   -21975.753402971306
f  0 0 4 0 0 0 0 0 0 0 0 0   92106.61157952574
f  0 0 5 0 0 0 0 0 0 0 0 0   132196.28005471037
f  0 0 6 0 0 0 0 0 0 0 0 0   -463480.4427908914
f  0 0 7 0 0 0 0 0 0 0 0 0   -138391.12044988558
f  0 0 8 0 0 0 0 0 0 0 0 0   579569.9471893216
Displaying energies at grid
1.4296 0.95887 1.092294 1.092294 1.092294 107.9812 110.6646 110.6646 110.6646 60.0 180.0 300.0  0.0  1.8380661446060786  -1.8380661446060786
1.4296 0.95887 1.042294 1.092294 1.092294 107.9812 110.6646 110.6646 110.6646 60.0 180.0 300.0  370.43469451367855  383.9680905292233  -13.533396015544724
1.4296 0.95887 1.142294 1.092294 1.092294 107.9812 110.6646 110.6646 110.6646 60.0 180.0 300.0  283.69833390414715  285.3587974275104  -1.660463523363262
1.4296 0.95887 0.992294 1.092294 1.092294 107.9812 110.6646 110.6646 110.6646 60.0 180.0 300.0  1614.4344296455383  1714.060512585453  -99.62608293991457
1.4296 0.95887 1.192294 1.092294 1.092294 107.9812 110.6646 110.6646 110.6646 60.0 180.0 300.0  1052.3320537395775  1057.4953568473288  -5.16330310775129
1.4296 0.95887 0.892294 1.092294 1.092294 107.9812 110.6646 110.6646 110.6646 60.0 180.0 300.0  7953.979697111994  8094.367831149687  -140.3881340376929
1.4296 0.95887 1.292294 1.092294 1.092294 107.9812 110.6646 110.6646 110.6646 60.0 180.0 300.0  3550.4441601783037  3645.522682959153  -95.0785227808492
1.4296 0.95887 0.792294 1.092294 1.092294 107.9812 110.6646 110.6646 110.6646 60.0 180.0 300.0  22553.64091899246  23009.01019517164  -455.369276179179
1.4296 0.95887 1.392294 1.092294 1.092294 107.9812 110.6646 110.6646 110.6646 60.0 180.0 300.0  6762.103633604944  7025.5764553405015  -263.4728217355578
1.4296 0.95887 1.492294 1.092294 1.092294 107.9812 110.6646 110.6646 110.6646 60.0 180.0 300.0  10246.653231710196  10602.023826881881  -355.37059517168564
1.4296 0.95887 1.592294 1.092294 1.092294 107.9812 110.6646 110.6646 110.6646 60.0 180.0 300.0  13740.453247845173  14143.020527483259  -402.5672796380859
1.4296 0.95887 1.792294 1.092294 1.092294 107.9812 110.6646 110.6646 110.6646 60.0 180.0 300.0  20203.031537771225  21744.69166917783  -1541.6601314066065
1.4296 0.95887 1.092294 1.042294 1.092294 107.9812 110.6646 110.6646 110.6646 60.0 180.0 300.0  280.788194026798  275.4441806654885  5.344013361309521
1.4296 0.95887 1.092294 1.142294 1.092294 107.9812 110.6646 110.6646 110.6646 60.0 180.0 300.0  383.86144149675965  362.8111260628687  21.050315433890944
1.4296 0.95887 1.092294 0.992294 1.092294 107.9812 110.6646 110.6646 110.6646 60.0 180.0 300.0  1446.1757031269372  1451.771108668981  -5.5954055420438635
1.4296 0.95887 1.092294 1.192294 1.092294 107.9812 110.6646 110.6646 110.6646 60.0 180.0 300.0  1262.5120674744248  1194.1246562900808  68.38741118434405
1.4296 0.95887 1.092294 0.892294 1.092294 107.9812 110.6646 110.6646 110.6646 60.0 180.0 300.0  7662.99792553857  7494.770028447918  168.22789709065182
1.4296 0.95887 1.092294 1.292294 1.092294 107.9812 110.6646 110.6646 110.6646 60.0 180.0 300.0  4006.8236686363816  3861.303832228568  145.51983640781373
1.4296 0.95887 1.092294 0.792294 1.092294 107.9812 110.6646 110.6646 110.6646 60.0 180.0 300.0  22186.945262093097  20559.796150486105  1627.149111606992
1.4296 0.95887 1.092294 1.392294 1.092294 107.9812 110.6646 110.6646 110.6646 60.0 180.0 300.0  7492.50451733917  7271.6030711317435  220.9014462074265
1.4296 0.95887 1.092294 1.492294 1.092294 107.9812 110.6646 110.6646 110.6646 60.0 180.0 300.0  11268.706233210862  10848.14346041157  420.56277279929236
1.4296 0.95887 1.092294 1.592294 1.092294 107.9812 110.6646 110.6646 110.6646 60.0 180.0 300.0  15060.171882860363  14388.329855882559  671.8420269778035
1.4296 0.95887 1.092294 1.792294 1.092294 107.9812 110.6646 110.6646 110.6646 60.0 180.0 300.0  22087.712958257645  22038.5390713706  49.17388688704523
Total rms:
525.9552293127698
rms for energies below 10000 cm-1:
118.81691908578307
rms for energies below 5000 cm-1:
64.3407644340981
rms for energies below 1000 cm-1:
11.497501403784135
Error in parameters: 
error
