Minimum in the potential energy:
-115.601338635867
Invariance of current potential:
Symmetry Operation E: 0.0
Symmetry Operation (123): 0.0
Symmetry Operation (132): 0.0
Symmetry Operation (12)*: 0.0
Symmetry Operation (23)*: 0.0
Symmetry Operation (13)*: 0.0
Initializing fit coordinates...
  0.095981 seconds (72.76 k allocations: 5.461 MiB, 99.71% compilation time)
Done!
Begin fitting...
  2.408075 seconds (6.36 M allocations: 425.072 MiB, 11.18% gc time, 99.98% compilation time)
Done!
Parameters of fit:
f  0 0 0 0 0 0 0 0 0 0 0 0   -0.04630654739653108
f  0 0 0 0 0 0 0 0 0 1 0 1   4.869069356771648e10
f  0 0 0 0 0 0 0 0 0 2 0 0   3210.1960205783867
f  0 0 0 0 0 0 0 0 0 4 0 0   -45.39072971798879
f  0 0 0 0 0 0 0 0 0 5 0 0   1.0339224126476128e8
f  0 0 0 0 0 0 0 0 0 8 0 0   3.619396203979556
f  0 0 0 0 0 0 0 0 0 1 2 0   -2.5706748446249582e7
h  0 0 0 0 0 0 0 0 0 2 1 1   6.223756660132902e11
Displaying energies at grid
1.4296 0.95887 1.092294 1.092294 1.092294 107.9812 110.6646 110.6646 110.6646 0.0 120.0 240.0  0.0  -0.2778922497243909  0.2778922497243909
1.4296 0.95887 1.092294 1.092294 1.092294 107.9812 110.6646 110.6646 110.6646 2.3570226 118.8214887 238.8214887  72.91109926998615  73.05730825605777  -0.14620898607161337
1.4296 0.95887 1.092294 1.092294 1.092294 107.9812 110.6646 110.6646 110.6646 -2.3570226 121.1785113 241.1785113  72.91110058873892  73.05735967973365  -0.14625909099473233
1.4296 0.95887 1.092294 1.092294 1.092294 107.9812 110.6646 110.6646 110.6646 4.71404521 117.6429774 237.6429774  291.6579061858356  291.65296297648865  0.004943209346947697
1.4296 0.95887 1.092294 1.092294 1.092294 107.9812 110.6646 110.6646 110.6646 -4.71404521 122.3570226 242.3570226  291.6579044274986  291.65296297648865  0.004941451009926823
1.4296 0.95887 1.092294 1.092294 1.092294 107.9812 110.6646 110.6646 110.6646 18.85618083 110.57190958 230.57190958  4666.246786899865  4666.244527880991  0.0022590188737012795
1.4296 0.95887 1.092294 1.092294 1.092294 107.9812 110.6646 110.6646 110.6646 -18.85618083 129.42809042 249.42809042  4666.246787998825  4666.244720040899  0.0020679579265561188
1.4296 0.95887 1.092294 1.092294 1.092294 107.9812 110.6646 110.6646 110.6646 28.28427125 105.85786438 225.85786438  10466.937215890735  10466.936565302141  0.0006505885939986911
1.4296 0.95887 1.092294 1.092294 1.092294 107.9812 110.6646 110.6646 110.6646 -28.28427125 134.14213562 254.14213562  10466.937214355916  10466.936565302141  0.0006490537743957248
1.4296 0.95887 1.092294 1.092294 1.092294 107.9812 110.6646 110.6646 110.6646 37.71236166 101.14381917 221.14381917  18452.998505331576  18453.055484580284  -0.05697924870764837
1.4296 0.95887 1.092294 1.092294 1.092294 107.9812 110.6646 110.6646 110.6646 -37.71236166 138.85618083 258.85618083  18452.998505990952  18453.054846786785  -0.0563407958325115
1.4296 0.95887 1.092294 1.092294 1.092294 107.9812 110.6646 110.6646 110.6646 47.14045208 96.42977396 216.42977396  28783.343067131937  28782.918683092637  0.4243840392991842
rms:
0.15983707904277297
Error in parameters: 
error
