Minimum in the potential energy:
-115.601338635867
Invariance of current potential:
11.246027499796192
11.246027499796192
11.246027499796192
Initializing fit coordinates...
  0.132731 seconds (73.56 k allocations: 5.604 MiB, 99.70% compilation time)
Done!
Begin fitting...
  3.672746 seconds (6.35 M allocations: 424.483 MiB, 11.82% gc time, 99.65% compilation time)
Done!
Parameters of fit:
f  0 0 0 0 0 0 0 0 0 0 0 0   -0.009104190004545477
f  0 1 0 0 0 0 0 0 0 0 0 0   142.5727104700956
f  0 2 0 0 0 0 0 0 0 0 0 0   12752.544564313195
f  0 3 0 0 0 0 0 0 0 0 0 0   -5225.310185992088
f  0 4 0 0 0 0 0 0 0 0 0 0   1436.4087771445088
f  0 5 0 0 0 0 0 0 0 0 0 0   -501.51991287572463
f  0 6 0 0 0 0 0 0 0 0 0 0   268.8656721114227
f  0 7 0 0 0 0 0 0 0 0 0 0   -630.8999720039782
f  0 8 0 0 0 0 0 0 0 0 0 0   -1373.844544940059
Displaying energies at grid
1.4296 0.95887 1.092294 1.092294 1.092294 107.9812 110.6646 110.6646 110.6646 0.0 119.99999999999999 240.0  0.0  -0.05462514002727286  0.05462514002727286
1.4296 0.65887 1.092294 1.092294 1.092294 107.9812 110.6646 110.6646 110.6646 0.0 120.0 240.0  41629.62035017833  41629.46962627195  0.1507239063794259
1.4296 0.75887 1.092294 1.092294 1.092294 107.9812 110.6646 110.6646 110.6646 0.0 120.0 240.0  13682.561294395477  13682.562857871  -0.0015634755236533238
1.4296 0.85887 1.092294 1.092294 1.092294 107.9812 110.6646 110.6646 110.6646 0.0 120.0 240.0  2534.8083021081984  2534.789940349053  0.01836175914559135
1.4296 0.90887 1.092294 1.092294 1.092294 107.9812 110.6646 110.6646 110.6646 0.0 120.0 240.0  519.7376959435642  519.7939384893825  -0.056242545818349754
1.4296 1.00887 1.092294 1.092294 1.092294 107.9812 110.6646 110.6646 110.6646 0.0 120.0 240.0  538.005521915853  537.9839640809932  0.02155783485977736
1.4296 1.05887 1.092294 1.092294 1.092294 107.9812 110.6646 110.6646 110.6646 0.0 120.0 240.0  1813.0770185105503  1813.139689722371  -0.06267121182077062
1.4296 1.15887 1.092294 1.092294 1.092294 107.9812 110.6646 110.6646 110.6646 0.0 120.0 240.0  5691.095638837665  5691.058072137931  0.037566699734270514
1.4296 1.25887 1.092294 1.092294 1.092294 107.9812 110.6646 110.6646 110.6646 0.0 120.0 240.0  10388.159862853587  10388.172325188862  -0.012462335274904035
1.4296 1.35887 1.092294 1.092294 1.092294 107.9812 110.6646 110.6646 110.6646 0.0 120.0 240.0  15216.128238823265  15216.14097413463  -0.012735311365759117
1.4296 1.45887 1.092294 1.092294 1.092294 107.9812 110.6646 110.6646 110.6646 0.0 120.0 240.0  19794.856948062778  19793.061183375554  1.7957646872237092
1.4296 1.65887 1.092294 1.092294 1.092294 107.9812 110.6646 110.6646 110.6646 0.0 120.0 240.0  27488.958171375096  27490.21585917227  -1.2576877971732756
rms:
0.6352082996578239
Error in parameters: 
error
