Minimum in the potential energy:
-115.601338635867
Invariance of current potential:
20.840136960000002
20.840136960000002
20.840136960000002
Initializing fit coordinates...
  0.143537 seconds (73.56 k allocations: 5.604 MiB, 99.69% compilation time)
Done!
Begin fitting...
  3.948410 seconds (6.35 M allocations: 424.487 MiB, 10.63% gc time, 99.99% compilation time)
Done!
Parameters of fit:
f  0 0 0 0 0 0 0 0 0 0 0 0   -0.00396376026730133
f  1 0 0 0 0 0 0 0 0 0 0 0   236.798922183343
f  2 0 0 0 0 0 0 0 0 0 0 0   10924.093026711224
f  3 0 0 0 0 0 0 0 0 0 0 0   -3488.841427191473
f  4 0 0 0 0 0 0 0 0 0 0 0   668.1531546016361
f  5 0 0 0 0 0 0 0 0 0 0 0   -301.9579682120236
f  6 0 0 0 0 0 0 0 0 0 0 0   286.083868901322
f  7 0 0 0 0 0 0 0 0 0 0 0   -208.19521428359414
f  8 0 0 0 0 0 0 0 0 0 0 0   -1577.6256370233982
Displaying energies at grid
1.4296 0.95887 1.092294 1.092294 1.092294 107.9812 110.6646 110.6646 110.6646 0.0 119.99999999999999 240.0  0.0  -0.023782561603807977  0.023782561603807977
1.1296 0.95887 1.092294 1.092294 1.092294 107.9812 110.6646 110.6646 110.6646 0.0 120.0 240.0  22087.188472490758  22087.0492622206  0.13921027015749132
1.2296 0.95887 1.092294 1.092294 1.092294 107.9812 110.6646 110.6646 110.6646 0.0 120.0 240.0  7664.040898829699  7664.042475446417  -0.0015766167180117918
1.3296 0.95887 1.092294 1.092294 1.092294 107.9812 110.6646 110.6646 110.6646 0.0 120.0 240.0  1432.5630584992468  1432.5410818219946  0.021976677252268928
1.3796 0.95887 1.092294 1.092294 1.092294 107.9812 110.6646 110.6646 110.6646 0.0 120.0 240.0  268.00167670473456  268.0527399708417  -0.05106326610712131
1.4796 0.95887 1.092294 1.092294 1.092294 107.9812 110.6646 110.6646 110.6646 0.0 120.0 240.0  408.1021505706012  408.06536119452227  0.03678937607895705
1.5296 0.95887 1.092294 1.092294 1.092294 107.9812 110.6646 110.6646 110.6646 0.0 120.0 240.0  1320.120702881366  1320.1452881298321  -0.024585248466109988
1.6296 0.95887 1.092294 1.092294 1.092294 107.9812 110.6646 110.6646 110.6646 0.0 120.0 240.0  4145.954141896218  4145.99068988174  -0.036547985521792725
1.7296 0.95887 1.092294 1.092294 1.092294 107.9812 110.6646 110.6646 110.6646 0.0 120.0 240.0  7711.6595578193665  7711.593120465863  0.06643735350371571
1.8296 0.95887 1.092294 1.092294 1.092294 107.9812 110.6646 110.6646 110.6646 0.0 120.0 240.0  11544.580788619816  11544.642191795396  -0.06140317557947128
1.9296 0.95887 1.092294 1.092294 1.092294 107.9812 110.6646 110.6646 110.6646 0.0 120.0 240.0  15352.787113241851  15352.716197042248  0.07091619960374373
2.1296 0.95887 1.092294 1.092294 1.092294 107.9812 110.6646 110.6646 110.6646 0.0 120.0 240.0  22247.318446028978  22249.652920605673  -2.3344745766953565
rms:
0.676345363156388
Error in parameters: 
error
