Minimum in the potential energy:
-115.602443741546
Invariance of current potential...
Potential before transformations:
7.590994436710203e19
Symmetry Operation E: 0.0
Symmetry Operation (123): 0.0
Symmetry Operation (132): 0.0
Symmetry Operation (12)*: 0.0
Symmetry Operation (23)*: 0.0
Symmetry Operation (13)*: 0.0
Initializing fit coordinates...
  0.292261 seconds (984.39 k allocations: 145.677 MiB, 13.71% gc time, 69.53% compilation time)
Done!
Begin fitting...
  0.076757 seconds (119.35 k allocations: 18.329 MiB, 86.48% compilation time)
Done!
Parameters of fit:
f  0 0 0 0 0 0 0 0 0 0 0 0   845.794359670456
f  0 0 0 0 0 0 0 0 0 0 0 3   121.26649541695586
f  0 0 0 0 0 0 0 0 0 0 0 6   0.5264557859110912
f  0 0 0 0 0 0 0 0 0 0 0 9   0.01102135499408133
f  0 0 0 0 0 0 0 0 0 0 0 12   0.002676874231926084
f  0 0 0 0 0 0 0 0 0 0 0 15   -67.1145702420824
f  0 0 0 0 0 0 0 0 0 0 0 18   0.0014904876349782232
f  0 0 0 0 0 0 0 0 0 0 0 21   67.11747366680642
f  0 0 0 1 0 0 0 0 0 0 0 1   18851.881316573137
f  0 0 0 0 0 0 0 1 0 0 0 1   6.470069895498466e6
f  2 0 0 0 0 0 0 0 0 0 0 0   40163.19349308044
f  0 2 0 0 0 0 0 0 0 0 0 0   41112.249301500706
f  0 0 2 0 0 0 0 0 0 0 0 0   3.4430222796580056e6
f  0 0 0 2 0 0 0 0 0 0 0 1   -1.6200201278185902e7
f  0 0 0 0 0 2 0 0 0 0 0 0   19985.805425621915
f  0 0 0 0 0 0 2 0 0 0 0 0   -1.248167159316167e6
f  0 0 0 0 0 0 0 2 0 0 0 1   5.318062833641223e6
f  3 0 0 0 0 0 0 0 0 0 0 0   -752.7223392994318
f  0 3 0 0 0 0 0 0 0 0 0 0   -1072.0959157327004
f  0 0 3 0 0 0 0 0 0 0 0 0   -2495.1333901278845
f  0 0 0 3 0 0 0 0 0 0 0 1   -760.3716782255324
f  0 0 0 0 0 3 0 0 0 0 0 0   -7594.724873053128
f  0 0 0 0 0 0 3 0 0 0 0 0   -5.202105009463667e6
f  0 0 0 0 0 0 0 3 0 0 0 1   -3.0926955629975762e7
f  4 0 0 0 0 0 0 0 0 0 0 0   2227.1395330882037
f  0 4 0 0 0 0 0 0 0 0 0 0   2686.9657690548333
f  0 0 4 0 0 0 0 0 0 0 0 0   8552.038318615105
f  0 0 0 0 0 4 0 0 0 0 0 0   -1843.3557883860515
f  0 0 0 0 0 0 4 0 0 0 0 0   -1.9182726641248257e6
f  0 0 0 0 0 0 0 4 0 0 0 1   -5646.6785752635915
f  5 0 0 0 0 0 0 0 0 0 0 0   1019.2368207991833
f  0 5 0 0 0 0 0 0 0 0 0 0   1689.8453848385432
f  0 0 5 0 0 0 0 0 0 0 0 0   3750.562517920499
f  0 0 0 0 0 5 0 0 0 0 0 0   286.2197654751742
f  0 0 0 0 0 0 5 0 0 0 0 0   -2898.011301012642
f  6 0 0 0 0 0 0 0 0 0 0 0   2088.3915526957826
f  0 6 0 0 0 0 0 0 0 0 0 0   2398.005807704258
f  0 0 6 0 0 0 0 0 0 0 0 0   2344.2730752155007
f  0 0 0 0 0 6 0 0 0 0 0 0   -482.2811923049155
f  0 0 0 0 0 0 6 0 0 0 0 0   -4315.420332224212
f  7 0 0 0 0 0 0 0 0 0 0 0   -107.86299228598345
f  0 7 0 0 0 0 0 0 0 0 0 0   -813.4360156503591
f  0 0 7 0 0 0 0 0 0 0 0 0   2357.6189242668424
f  0 0 0 0 0 7 0 0 0 0 0 0   -747.3618794162944
f  0 0 0 0 0 0 7 0 0 0 0 0   3172.3391085907624
f  8 0 0 0 0 0 0 0 0 0 0 0   -2605.0410121407735
f  0 8 0 0 0 0 0 0 0 0 0 0   -2041.8333875660546
f  0 0 8 0 0 0 0 0 0 0 0 0   1714.7345180625484
f  0 0 0 0 0 8 0 0 0 0 0 0   716.9396722894296
f  0 0 0 0 0 0 8 0 0 0 0 0   -712.5141759934103
f  0 0 0 0 0 0 0 0 0 1 0 1   -113.8285841302503
f  0 0 1 1 0 0 0 0 0 0 0 0   1.7169095873103356e6
f  0 0 0 0 0 0 1 1 0 0 0 0   44868.47301899448
f  0 0 0 0 0 0 0 0 0 2 0 0   19549.70025522358
f  0 0 0 0 0 0 0 0 0 2 0 1   812.1649927105107
f  0 0 2 1 0 0 0 0 0 0 0 0   -1.4582302538970246e9
f  0 0 2 1 0 0 0 0 0 0 0 1   -3.5426786263499365e9
h  0 0 2 1 0 0 0 0 0 0 0 1   5.387785973428856e6
f  0 0 0 0 0 0 2 1 0 0 0 0   5.885047990355337e6
f  0 0 0 0 0 0 2 1 0 0 0 1   -7.604557181576316e7
h  0 0 0 0 0 0 2 1 0 0 0 1   -2.9354803620757027e9
f  0 0 0 0 0 0 3 1 0 0 0 0   -7.599693154140584e7
f  0 0 0 0 0 0 2 2 0 0 0 0   6.521011459665899e8
f  0 0 0 0 0 0 3 1 0 0 0 1   4.3772404456559604e8
f  0 0 0 0 0 0 2 2 0 0 0 1   -4.249122143118064e7
f  0 0 0 0 0 0 0 0 0 4 0 0   -305755.2388803795
f  0 0 0 0 0 0 0 0 0 4 0 1   -32.76661221881583
f  0 0 0 0 0 0 4 1 0 0 0 0   -5.450764635137384e7
f  0 0 0 0 0 0 3 2 0 0 0 0   2.006905890262054e9
f  0 0 0 0 0 0 0 0 0 5 0 0   -204787.07330638482
f  0 0 0 0 0 0 0 0 0 5 0 1   502054.7512929068
f  0 0 0 0 0 0 0 0 0 7 0 0   -140.69210731022255
f  0 0 0 0 0 0 0 0 0 8 0 0   106.08322116644061
f  0 0 0 0 0 0 0 0 0 1 2 0   475626.79451165476
h  0 0 0 0 0 0 0 0 0 2 1 1   244518.4086083221
h  0 0 0 0 0 0 0 0 0 2 1 3   -9.085663539956573e10
f  0 0 0 0 0 0 0 0 0 1 2 3   -591590.3435157004
f  0 0 0 0 0 0 0 0 0 2 2 1   -1.8352797133728936e6
h  0 0 0 0 0 0 0 0 0 4 1 1   3.4760102624147655e6
f  0 0 0 0 0 0 0 0 0 4 2 0   1.059393611073659e6
f  0 0 0 0 0 0 0 0 0 4 2 1   2.120894844853318e6
Displaying energies at grid
1.4296 0.95887 1.092294 1.092294 1.092294 107.9812 110.6646 110.6646 110.6646 0.0 120.0 240.0  242.54266000911593  242.56084039333427  -0.018180384218339896
1.1296 0.95887 1.092294 1.092294 1.092294 107.9812 110.6646 110.6646 110.6646 0.0 120.0 240.0  22329.731132499874  22329.517675468254  0.2134570316193276
1.2296 0.95887 1.092294 1.092294 1.092294 107.9812 110.6646 110.6646 110.6646 0.0 120.0 240.0  7906.5835588388145  7906.586547173624  -0.0029883348097428097
1.3296 0.95887 1.092294 1.092294 1.092294 107.9812 110.6646 110.6646 110.6646 0.0 120.0 240.0  1675.1057185083628  1675.053467794321  0.052250714041747415
1.3796 0.95887 1.092294 1.092294 1.092294 107.9812 110.6646 110.6646 110.6646 0.0 120.0 240.0  510.5443367138505  510.6219312927167  -0.07759457886618293
1.4796 0.95887 1.092294 1.092294 1.092294 107.9812 110.6646 110.6646 110.6646 0.0 120.0 240.0  650.6448105797172  650.7148933538776  -0.07008277416048259
1.5296 0.95887 1.092294 1.092294 1.092294 107.9812 110.6646 110.6646 110.6646 0.0 120.0 240.0  1562.663362890482  1562.8054984108578  -0.14213552037585941
1.6296 0.95887 1.092294 1.092294 1.092294 107.9812 110.6646 110.6646 110.6646 0.0 120.0 240.0  4388.496801905334  4388.455775961789  0.041025943544809707
1.7296 0.95887 1.092294 1.092294 1.092294 107.9812 110.6646 110.6646 110.6646 0.0 120.0 240.0  7954.202217828482  7954.111472648945  0.09074517953740724
1.8296 0.95887 1.092294 1.092294 1.092294 107.9812 110.6646 110.6646 110.6646 0.0 120.0 240.0  11787.123448628932  11787.277235485255  -0.15378685632276756
1.9296 0.95887 1.092294 1.092294 1.092294 107.9812 110.6646 110.6646 110.6646 0.0 120.0 240.0  15595.329773250967  15595.0471878966  0.2825853543672565
2.1296 0.95887 1.092294 1.092294 1.092294 107.9812 110.6646 110.6646 110.6646 0.0 120.0 240.0  22489.861106038094  22501.3642751646  -11.503169126506691
1.4296 0.65887 1.092294 1.092294 1.092294 107.9812 110.6646 110.6646 110.6646 0.0 120.0 240.0  41872.16301018745  41871.89334239376  0.2696677936837659
1.4296 0.75887 1.092294 1.092294 1.092294 107.9812 110.6646 110.6646 110.6646 0.0 120.0 240.0  13925.103954404593  13925.108191434114  -0.004237029521391378
1.4296 0.85887 1.092294 1.092294 1.092294 107.9812 110.6646 110.6646 110.6646 0.0 120.0 240.0  2777.3509621173143  2777.2873541596846  0.06360795762975613
1.4296 0.90887 1.092294 1.092294 1.092294 107.9812 110.6646 110.6646 110.6646 0.0 120.0 240.0  762.2803559526801  762.4810315224611  -0.20067556978096945
1.4296 1.00887 1.092294 1.092294 1.092294 107.9812 110.6646 110.6646 110.6646 0.0 120.0 240.0  780.548181924969  780.7495651276496  -0.20138320268063126
1.4296 1.05887 1.092294 1.092294 1.092294 107.9812 110.6646 110.6646 110.6646 0.0 120.0 240.0  2055.619678519666  2055.8704444135333  -0.2507658938670829
1.4296 1.15887 1.092294 1.092294 1.092294 107.9812 110.6646 110.6646 110.6646 0.0 120.0 240.0  5933.638298846781  5933.314366090501  0.3239327562805556
1.4296 1.25887 1.092294 1.092294 1.092294 107.9812 110.6646 110.6646 110.6646 0.0 120.0 240.0  10630.702522862703  10630.936942257114  -0.23441939441181603
1.4296 1.35887 1.092294 1.092294 1.092294 107.9812 110.6646 110.6646 110.6646 0.0 120.0 240.0  15458.67089883238  15458.415869081035  0.2550297513462283
1.4296 1.45887 1.092294 1.092294 1.092294 107.9812 110.6646 110.6646 110.6646 0.0 120.0 240.0  20037.399608071893  20032.106409830903  5.293198240990023
1.4296 1.65887 1.092294 1.092294 1.092294 107.9812 110.6646 110.6646 110.6646 0.0 120.0 240.0  27731.50083138421  27744.001448203926  -12.500616819714196
1.4296 0.95887 0.792294 1.092294 1.092294 107.9812 110.6646 110.6646 110.6646 0.0 120.0 240.0  22665.581734035164  22635.105103307753  30.476630727411248
1.4296 0.95887 0.892294 1.092294 1.092294 107.9812 110.6646 110.6646 110.6646 0.0 120.0 240.0  8100.2686483971775  8099.500541215879  0.7681071812985465
1.4296 0.95887 0.992294 1.092294 1.092294 107.9812 110.6646 110.6646 110.6646 0.0 120.0 240.0  1803.5664444826543  1806.057267996126  -2.490823513471696
1.4296 0.95887 1.042294 1.092294 1.092294 107.9812 110.6646 110.6646 110.6646 0.0 120.0 240.0  584.875753544271  586.189359007547  -1.3136054632759624
1.4296 0.95887 1.142294 1.092294 1.092294 107.9812 110.6646 110.6646 110.6646 0.0 120.0 240.0  557.2166208811104  556.3903279271435  0.826292953966913
1.4296 0.95887 1.192294 1.092294 1.092294 107.9812 110.6646 110.6646 110.6646 0.0 120.0 240.0  1359.7337076030672  1358.7362673979442  0.9974402051229845
1.4296 0.95887 1.292294 1.092294 1.092294 107.9812 110.6646 110.6646 110.6646 0.0 120.0 240.0  3934.2332687675953  3934.5465771094314  -0.31330834183609113
1.4296 0.95887 1.392294 1.092294 1.092294 107.9812 110.6646 110.6646 110.6646 0.0 120.0 240.0  7233.101365234703  7235.072003380919  -1.9706381462165155
1.4296 0.95887 1.492294 1.092294 1.092294 107.9812 110.6646 110.6646 110.6646 0.0 120.0 240.0  10814.098653618246  10815.487108910922  -1.3884552926756442
1.4296 0.95887 1.592294 1.092294 1.092294 107.9812 110.6646 110.6646 110.6646 0.0 120.0 240.0  14411.091333147138  14407.295815245132  3.795517902006395
1.4296 0.95887 1.792294 1.092294 1.092294 107.9812 110.6646 110.6646 110.6646 0.0 120.0 240.0  21086.531818490475  21054.249526958563  32.28229153191205
1.4296 0.95887 1.092294 1.042294 1.092294 107.9812 110.6646 110.6646 110.6646 0.0 120.0 240.0  577.6863807328045  577.0474315752035  0.6389491576010187
1.4296 0.95887 1.092294 1.142294 1.092294 107.9812 110.6646 110.6646 110.6646 0.0 120.0 240.0  564.5720912180841  564.9951323938731  -0.42304117578896694
1.4296 0.95887 1.092294 0.992294 1.092294 107.9812 110.6646 110.6646 110.6646 0.0 120.0 240.0  1789.8101201243699  1788.5593017960928  1.2508183282770915
1.4296 0.95887 1.092294 1.192294 1.092294 107.9812 110.6646 110.6646 110.6646 0.0 120.0 240.0  1374.168958067894  1374.6674616928358  -0.49850362494180445
1.4296 0.95887 1.092294 0.892294 1.092294 107.9812 110.6646 110.6646 110.6646 0.0 120.0 240.0  8077.205547131598  8077.5898548638215  -0.3843077322235331
1.4296 0.95887 1.092294 1.292294 1.092294 107.9812 110.6646 110.6646 110.6646 0.0 120.0 240.0  3960.283497001976  3960.1339851804078  0.14951182156801224
1.4296 0.95887 1.092294 0.792294 1.092294 107.9812 110.6646 110.6646 110.6646 0.0 120.0 240.0  22642.287128955126  22657.45167376846  -15.164544813334942
1.4296 0.95887 1.092294 1.392294 1.092294 107.9812 110.6646 110.6646 110.6646 0.0 120.0 240.0  7264.694419104606  7263.691816283448  1.0026028211577795
1.4296 0.95887 1.092294 1.492294 1.092294 107.9812 110.6646 110.6646 110.6646 0.0 120.0 240.0  10842.46988247335  10841.792262379546  0.6776200938038528
1.4296 0.95887 1.092294 1.592294 1.092294 107.9812 110.6646 110.6646 110.6646 0.0 120.0 240.0  14425.685506731272  14427.58076130203  -1.8952545707579702
1.4296 0.95887 1.092294 1.792294 1.092294 107.9812 110.6646 110.6646 110.6646 0.0 120.0 240.0  21040.45173152536  21056.991209422238  -16.539477896876633
1.4296 0.95887 1.092294 1.092294 1.042294 107.9812 110.6646 110.6646 110.6646 0.0 120.0 240.0  577.686382047832  577.0474315751926  0.638950472639408
1.4296 0.95887 1.092294 1.092294 1.142294 107.9812 110.6646 110.6646 110.6646 0.0 120.0 240.0  564.5720896795392  564.9951323938585  -0.4230427143193083
1.4296 0.95887 1.092294 1.092294 0.992294 107.9812 110.6646 110.6646 110.6646 0.0 120.0 240.0  1789.8101188093424  1788.5593017960928  1.2508170132496161
1.4296 0.95887 1.092294 1.092294 1.192294 107.9812 110.6646 110.6646 110.6646 0.0 120.0 240.0  1374.1689585074782  1374.6674616928358  -0.49850318535754923
1.4296 0.95887 1.092294 1.092294 0.892294 107.9812 110.6646 110.6646 110.6646 0.0 120.0 240.0  8077.205545153469  8077.5898548638215  -0.3843097103526816
1.4296 0.95887 1.092294 1.092294 1.292294 107.9812 110.6646 110.6646 110.6646 0.0 120.0 240.0  3960.2834959067404  3960.133985180495  0.149510726245353
1.4296 0.95887 1.092294 1.092294 0.792294 107.9812 110.6646 110.6646 110.6646 0.0 120.0 240.0  22642.287129174918  22657.451673767762  -15.164544592844322
1.4296 0.95887 1.092294 1.092294 1.392294 107.9812 110.6646 110.6646 110.6646 0.0 120.0 240.0  7264.694418225437  7263.691816283565  1.0026019418728538
1.4296 0.95887 1.092294 1.092294 1.492294 107.9812 110.6646 110.6646 110.6646 0.0 120.0 240.0  10842.469882033765  10841.792262379662  0.6776196541031823
1.4296 0.95887 1.092294 1.092294 1.592294 107.9812 110.6646 110.6646 110.6646 0.0 120.0 240.0  14425.685506731272  14427.58076130203  -1.8952545707579702
1.4296 0.95887 1.092294 1.092294 1.792294 107.9812 110.6646 110.6646 110.6646 0.0 120.0 240.0  21040.45173240453  21056.991209421773  -16.53947701724246
1.4296 0.95887 1.092294 1.092294 1.092294 102.9812 110.6646 110.6646 110.6646 0.0 120.0 240.0  414.0015355721116  414.04305353632594  -0.041517964214335734
1.4296 0.95887 1.092294 1.092294 1.092294 112.9812 110.6646 110.6646 110.6646 0.0 120.0 240.0  376.4922970160842  376.62077976666865  -0.12848275058445324
1.4296 0.95887 1.092294 1.092294 1.092294 117.9812 110.6646 110.6646 110.6646 0.0 120.0 240.0  784.6036060452461  784.7976251582159  -0.19401911296972685
1.4296 0.95887 1.092294 1.092294 1.092294 127.9812 110.6646 110.6646 110.6646 0.0 120.0 240.0  2285.1542394012213  2285.0100406555466  0.1441987456746574
1.4296 0.95887 1.092294 1.092294 1.092294 137.9812 110.6646 110.6646 110.6646 0.0 120.0 240.0  4436.9377364218235  4436.9818471769995  -0.04411075517600693
1.4296 0.95887 1.092294 1.092294 1.092294 157.9812 110.6646 110.6646 110.6646 0.0 120.0 240.0  9184.254713110626  9184.250809950045  0.0039031605811032932
1.4296 0.95887 1.092294 1.092294 1.092294 167.9812 110.6646 110.6646 110.6646 0.0 120.0 240.0  10920.267449624836  10920.268322336535  -0.0008727116983209271
1.4296 0.95887 1.092294 1.092294 1.092294 57.9812 110.6646 110.6646 110.6646 0.0 120.0 240.0  19806.65556969121  19806.473268351416  0.1823013397952309
1.4296 0.95887 1.092294 1.092294 1.092294 77.9812 110.6646 110.6646 110.6646 0.0 120.0 240.0  6766.500975932926  6766.517412774991  -0.01643684206464968
1.4296 0.95887 1.092294 1.092294 1.092294 87.9812 110.6646 110.6646 110.6646 0.0 120.0 240.0  3036.051132373512  3035.965415512231  0.08571686128061629
1.4296 0.95887 1.092294 1.092294 1.092294 97.9812 110.6646 110.6646 110.6646 0.0 120.0 240.0  919.6802419871092  919.8957493529174  -0.2155073658082074
1.4296 0.95887 1.092294 1.092294 1.092294 107.9812 100.6646 110.6646 110.6646 0.0 120.0 240.0  1297.781056933105  1295.4096005636675  2.37145636943751
1.4296 0.95887 1.092294 1.092294 1.092294 107.9812 105.6646 110.6646 110.6646 0.0 120.0 240.0  537.8934989906847  536.0990932106506  1.7944057800341398
1.4296 0.95887 1.092294 1.092294 1.092294 107.9812 115.6646 110.6646 110.6646 0.0 120.0 240.0  388.94540143013  390.7566401544027  -1.8112387242726982
1.4296 0.95887 1.092294 1.092294 1.092294 107.9812 120.6646 110.6646 110.6646 0.0 120.0 240.0  958.9821910224855  961.6732176761143  -2.6910266536287963
1.4296 0.95887 1.092294 1.092294 1.092294 107.9812 130.6646 110.6646 110.6646 0.0 120.0 240.0  3315.810343082994  3316.8687650466454  -1.058421963651199
1.4296 0.95887 1.092294 1.092294 1.092294 107.9812 140.6646 110.6646 110.6646 0.0 120.0 240.0  7228.765604414046  7226.835776305583  1.9298281084629707
1.4296 0.95887 1.092294 1.092294 1.092294 107.9812 160.6646 110.6646 110.6646 0.0 120.0 240.0  19408.884523190558  19454.995698773186  -46.111175582627766
1.4296 0.95887 1.092294 1.092294 1.092294 107.9812 170.6646 110.6646 110.6646 0.0 120.0 240.0  27351.616478901356  27594.349919010303  -242.73344010894652
1.4296 0.95887 1.092294 1.092294 1.092294 107.9812 60.6646 110.6646 110.6646 0.0 120.0 240.0  28196.159103948623  27755.517523776274  440.64158017234877
1.4296 0.95887 1.092294 1.092294 1.092294 107.9812 80.6646 110.6646 110.6646 0.0 120.0 240.0  9625.008972413838  9624.8454817452  0.16349066863767803
1.4296 0.95887 1.092294 1.092294 1.092294 107.9812 90.6646 110.6646 110.6646 0.0 120.0 240.0  4329.198401033878  4332.053776821296  -2.85537578741787
1.4296 0.95887 1.092294 1.092294 1.092294 107.9812 110.6646 115.6646 110.6646 0.0 120.0 240.0  554.0658946707845  552.9803127537307  1.085581917053787
1.4296 0.95887 1.092294 1.092294 1.092294 107.9812 110.6646 105.6646 110.6646 0.0 120.0 240.0  358.0186161287129  358.83499083803326  -0.816374709320371
1.4296 0.95887 1.092294 1.092294 1.092294 107.9812 110.6646 120.6646 110.6646 0.0 120.0 240.0  1280.019893631339  1278.2259123197728  1.7939813115663128
1.4296 0.95887 1.092294 1.092294 1.092294 107.9812 110.6646 100.6646 110.6646 0.0 120.0 240.0  915.9116951301694  916.7303169013467  -0.818621771177277
1.4296 0.95887 1.092294 1.092294 1.092294 107.9812 110.6646 130.6646 110.6646 0.0 120.0 240.0  3937.3916228190064  3937.154319361958  0.23730345704825595
1.4296 0.95887 1.092294 1.092294 1.092294 107.9812 110.6646 90.6646 110.6646 0.0 120.0 240.0  3433.098196811974  3431.823947628087  1.2742491838871501
1.4296 0.95887 1.092294 1.092294 1.092294 107.9812 110.6646 140.6646 110.6646 0.0 120.0 240.0  8155.025062404573  8155.903190564539  -0.8781281599658541
1.4296 0.95887 1.092294 1.092294 1.092294 107.9812 110.6646 80.6646 110.6646 0.0 120.0 240.0  7947.9595407135785  7948.011253499426  -0.051712785847485065
1.4296 0.95887 1.092294 1.092294 1.092294 107.9812 110.6646 160.6646 110.6646 0.0 120.0 240.0  21008.211588531733  20931.059580694768  77.15200783696491
1.4296 0.95887 1.092294 1.092294 1.092294 107.9812 110.6646 60.6646 110.6646 0.0 120.0 240.0  22984.844577576965  23154.392976234667  -169.5483986577019
1.4296 0.95887 1.092294 1.092294 1.092294 107.9812 110.6646 170.6646 110.6646 0.0 120.0 240.0  29321.808094959706  29187.176485125907  134.6316098337993
1.4296 0.95887 1.092294 1.092294 1.092294 107.9812 110.6646 110.6646 115.6646 0.0 120.0 240.0  554.0658962056041  552.9803127537016  1.0855834519024938
1.4296 0.95887 1.092294 1.092294 1.092294 107.9812 110.6646 110.6646 105.6646 0.0 120.0 240.0  358.0186145938933  358.8349908380187  -0.8163762441254221
1.4296 0.95887 1.092294 1.092294 1.092294 107.9812 110.6646 110.6646 120.6646 0.0 120.0 240.0  1280.0198967009783  1278.2259123197728  1.7939843812055187
1.4296 0.95887 1.092294 1.092294 1.092294 107.9812 110.6646 110.6646 100.6646 0.0 120.0 240.0  915.9116946943104  916.7303169012885  -0.8186222069780342
1.4296 0.95887 1.092294 1.092294 1.092294 107.9812 110.6646 110.6646 130.6646 0.0 120.0 240.0  3937.391622379422  3937.1543193619727  0.23730301744944882
1.4296 0.95887 1.092294 1.092294 1.092294 107.9812 110.6646 110.6646 90.6646 0.0 120.0 240.0  3433.098194397986  3431.8239476279123  1.2742467700736597
1.4296 0.95887 1.092294 1.092294 1.092294 107.9812 110.6646 110.6646 140.6646 0.0 120.0 240.0  8155.025060426444  8155.90319056483  -0.8781301383860409
1.4296 0.95887 1.092294 1.092294 1.092294 107.9812 110.6646 110.6646 80.6646 0.0 120.0 240.0  7947.959540054202  7948.011253499542  -0.051713445340283215
1.4296 0.95887 1.092294 1.092294 1.092294 107.9812 110.6646 110.6646 160.6646 0.0 120.0 240.0  21008.211589626968  20931.05958069337  77.15200893359724
1.4296 0.95887 1.092294 1.092294 1.092294 107.9812 110.6646 110.6646 60.6646 0.0 120.0 240.0  22984.844577796757  23154.39297623397  -169.5483984372113
1.4296 0.95887 1.092294 1.092294 1.092294 107.9812 110.6646 110.6646 170.6646 0.0 120.0 240.0  29321.808093640953  29187.17648512381  134.631608517142
1.4296 0.95887 1.092294 1.092294 1.092294 107.9812 110.6646 110.6646 110.6646 10.0 130.0 250.0  226.02754701673985  226.02754723651083  -2.197709818574367e-7
1.4296 0.95887 1.092294 1.092294 1.092294 107.9812 110.6646 110.6646 110.6646 20.0 140.0 260.0  181.11039927229285  181.11039927229285  0.0
1.4296 0.95887 1.092294 1.092294 1.092294 107.9812 110.6646 110.6646 110.6646 30.0 150.0 270.0  120.22452786937356  120.22452764957393  2.1979963094054256e-7
1.4296 0.95887 1.092294 1.092294 1.092294 107.9812 110.6646 110.6646 110.6646 40.0 160.0 280.0  59.863043908029795  59.863043140612035  7.674177595617948e-7
1.4296 0.95887 1.092294 1.092294 1.092294 107.9812 110.6646 110.6646 110.6646 50.0 170.0 290.0  15.992845017462969  15.992844797664702  2.197982666984899e-7
1.4296 0.95887 1.092294 1.092294 1.092294 107.9812 110.6646 110.6646 110.6646 60.0 180.0 300.0  0.0  4.820218066413452e-87  -4.820218066413452e-87
1.4296 0.95887 1.092294 1.092294 1.092294 107.9812 110.6646 110.6646 110.6646 70.0 190.0 310.0  15.992844577878714  15.992844797676526  -2.19797811951139e-7
1.4296 0.95887 1.092294 1.092294 1.092294 107.9812 110.6646 110.6646 110.6646 80.0 200.0 320.0  59.86304237321019  59.86304314062795  -7.674177595617948e-7
1.4296 0.95887 1.092294 1.092294 1.092294 107.9812 110.6646 110.6646 110.6646 90.0 210.0 330.0  120.2245274297893  120.22452764958871  -2.197994035668671e-7
1.4296 0.95887 1.092294 1.092294 1.092294 107.9812 110.6646 110.6646 110.6646 110.0 230.0 350.0  226.0275474563241  226.02754723655266  2.197714366047876e-7
1.4296 0.95887 1.092294 1.092294 1.092294 107.9812 110.6646 110.6646 110.6646 120.0 240.0 360.0  242.54265935346484  242.56084039338293  -0.01818103991809039
1.4296 0.95887 1.092294 1.092294 1.092294 107.9812 110.6646 110.6646 110.6646 0.0 117.95875855 242.04124145  312.44743661955  312.53604017985356  -0.08860356030356797
1.4296 0.95887 1.092294 1.092294 1.092294 107.9812 110.6646 110.6646 110.6646 0.0 122.04124145 237.95875855  324.5774978622794  324.5618245678262  0.015673294453222297
1.4296 0.95887 1.092294 1.092294 1.092294 107.9812 110.6646 110.6646 110.6646 0.0 115.9175171 244.0824829  528.0872272327542  528.2298358375859  -0.14260860483170745
1.4296 0.95887 1.092294 1.092294 1.092294 107.9812 110.6646 110.6646 110.6646 0.0 124.0824829 235.9175171  564.8176273629069  564.8457382539726  -0.028110891065693977
1.4296 0.95887 1.092294 1.092294 1.092294 107.9812 110.6646 110.6646 110.6646 0.0 111.83503419 248.16496581  1371.69608759135  1371.7814987319077  -0.0854111405576532
1.4296 0.95887 1.092294 1.092294 1.092294 107.9812 110.6646 110.6646 110.6646 0.0 128.16496581 231.83503419  1545.613025676459  1545.8730032065196  -0.25997753006049606
1.4296 0.95887 1.092294 1.092294 1.092294 107.9812 110.6646 110.6646 110.6646 0.0 107.75255129 252.24744871  2722.600481390953  2722.5221727828184  0.07830860813464824
1.4296 0.95887 1.092294 1.092294 1.092294 107.9812 110.6646 110.6646 110.6646 0.0 132.24744871 227.75255129  3238.276636675  3238.127103917377  0.14953275762309204
1.4296 0.95887 1.092294 1.092294 1.092294 107.9812 110.6646 110.6646 110.6646 0.0 99.58758548 260.41241452  6726.118887994438  6726.122865138363  -0.003977143924203119
1.4296 0.95887 1.092294 1.092294 1.092294 107.9812 110.6646 110.6646 110.6646 0.0 140.41241452 219.58758548  8993.43625017628  8993.448750378999  -0.012500202718001674
1.4296 0.95887 1.092294 1.092294 1.092294 107.9812 110.6646 110.6646 110.6646 0.0 95.50510257 264.49489743  9255.447748079896  9255.449649078191  -0.001900998295241152
1.4296 0.95887 1.092294 1.092294 1.092294 107.9812 110.6646 110.6646 110.6646 2.3570226 118.8214887 238.8214887  315.4537592791021  315.4573582593835  -0.0035989802814242466
1.4296 0.95887 1.092294 1.092294 1.092294 107.9812 110.6646 110.6646 110.6646 -2.3570226 121.1785113 241.1785113  315.45376059785485  315.45735825938215  -0.003597661527294349
1.4296 0.95887 1.092294 1.092294 1.092294 107.9812 110.6646 110.6646 110.6646 4.71404521 117.6429774 237.6429774  534.2005661949515  534.2022135351552  -0.0016473402037036067
1.4296 0.95887 1.092294 1.092294 1.092294 107.9812 110.6646 110.6646 110.6646 -4.71404521 122.3570226 242.3570226  534.2005644366145  534.2022135351552  -0.0016490985407244807
1.4296 0.95887 1.092294 1.092294 1.092294 107.9812 110.6646 110.6646 110.6646 18.85618083 110.57190958 230.57190958  4908.789446908981  4908.788859770247  0.0005871387338629575
1.4296 0.95887 1.092294 1.092294 1.092294 107.9812 110.6646 110.6646 110.6646 -18.85618083 129.42809042 249.42809042  4908.789448007941  4908.7888597700485  0.0005882378927708487
1.4296 0.95887 1.092294 1.092294 1.092294 107.9812 110.6646 110.6646 110.6646 28.28427125 105.85786438 225.85786438  10709.479875899851  10709.47967860547  0.00019729438099602703
1.4296 0.95887 1.092294 1.092294 1.092294 107.9812 110.6646 110.6646 110.6646 -28.28427125 134.14213562 254.14213562  10709.479874365032  10709.479678605514  0.00019575951773731504
1.4296 0.95887 1.092294 1.092294 1.092294 107.9812 110.6646 110.6646 110.6646 37.71236166 101.14381917 221.14381917  18695.54116534069  18695.6022895601  -0.06112421940997592
1.4296 0.95887 1.092294 1.092294 1.092294 107.9812 110.6646 110.6646 110.6646 -37.71236166 138.85618083 258.85618083  18695.54116600007  18695.60228956377  -0.06112356370067573
1.4296 0.95887 1.092294 1.092294 1.092294 107.9812 110.6646 110.6646 110.6646 47.14045208 96.42977396 216.42977396  29025.885727141052  29025.121311942246  0.7644151988060912
Total rms:
52.332867751397316
rms for energies below 10000 cm-1:
0.8624172577929672
Error in parameters: 
error
