Minimum in the potential energy:
-115.602443741546
Invariance of current potential...
Potential before transformations:
89.8466082084733
Symmetry Operation E: 0.0
Symmetry Operation (123): 0.0
Symmetry Operation (132): 0.0
Symmetry Operation (12)*: 0.0
Symmetry Operation (23)*: 0.0
Symmetry Operation (13)*: 0.0
Initializing fit coordinates...
  0.190765 seconds (281.09 k allocations: 20.743 MiB, 99.30% compilation time)
Done!
Begin fitting...
  0.066389 seconds (112.89 k allocations: 7.693 MiB, 99.31% compilation time)
Done!
Parameters of fit:
f  0 0 0 0 0 0 0 0 0 0 0 0   1.2780874640330313
f  0 0 0 1 0 0 0 0 0 0 0 1   5892.811944373027
f  0 0 2 0 0 0 0 0 0 0 0 0   89299.3836736206
f  0 0 3 0 0 0 0 0 0 0 0 0   -1366.3223735967042
f  0 0 4 0 0 0 0 0 0 0 0 0   15109.061473889251
f  0 0 5 0 0 0 0 0 0 0 0 0   14568.582546178599
f  0 0 6 0 0 0 0 0 0 0 0 0   -23626.498682836896
f  0 0 7 0 0 0 0 0 0 0 0 0   -12936.468177766501
f  0 0 8 0 0 0 0 0 0 0 0 0   25158.34769356371
f  0 0 1 1 0 0 0 0 0 0 0 0   -233879.36936236886
f  0 0 2 1 0 0 0 0 0 0 0 0   -8.537174879872212e6
f  0 0 2 2 0 0 0 0 0 0 0 0   29291.249103604085
Displaying energies at grid
1.4296 0.95887 1.092294 1.092294 1.092294 107.9812 110.6646 110.6646 110.6646 60.0 180.0 300.0  0.0  0.8957724579765696  -0.8957724579765696
1.4296 0.95887 1.042294 1.092294 1.092294 107.9812 110.6646 110.6646 110.6646 60.0 180.0 300.0  370.43469451367855  399.8930325067444  -29.458337993065868
1.4296 0.95887 1.142294 1.092294 1.092294 107.9812 110.6646 110.6646 110.6646 60.0 180.0 300.0  283.69833390414715  266.5185912876672  17.179742616479928
1.4296 0.95887 0.992294 1.092294 1.092294 107.9812 110.6646 110.6646 110.6646 60.0 180.0 300.0  1614.4344296455383  1688.9951540341706  -74.56072438863225
1.4296 0.95887 1.192294 1.092294 1.092294 107.9812 110.6646 110.6646 110.6646 60.0 180.0 300.0  1052.3320537395775  1026.358465946842  25.973587792735543
1.4296 0.95887 0.892294 1.092294 1.092294 107.9812 110.6646 110.6646 110.6646 60.0 180.0 300.0  7953.979697111994  8159.007614963647  -205.027917851653
1.4296 0.95887 1.292294 1.092294 1.092294 107.9812 110.6646 110.6646 110.6646 60.0 180.0 300.0  3550.4441601783037  3539.6367009779165  10.807459200387257
1.4296 0.95887 0.792294 1.092294 1.092294 107.9812 110.6646 110.6646 110.6646 60.0 180.0 300.0  22553.64091899246  22970.4221430599  -416.7812240674393
1.4296 0.95887 1.392294 1.092294 1.092294 107.9812 110.6646 110.6646 110.6646 60.0 180.0 300.0  6762.103633604944  6804.236147166705  -42.1325135617617
1.4296 0.95887 1.492294 1.092294 1.092294 107.9812 110.6646 110.6646 110.6646 60.0 180.0 300.0  10246.653231710196  10350.20294226538  -103.54971055518399
1.4296 0.95887 1.592294 1.092294 1.092294 107.9812 110.6646 110.6646 110.6646 60.0 180.0 300.0  13740.453247845173  13883.522138047152  -143.06889020197923
1.4296 0.95887 1.792294 1.092294 1.092294 107.9812 110.6646 110.6646 110.6646 60.0 180.0 300.0  20203.031537771225  20318.94856425097  -115.91702647974671
1.4296 0.95887 1.092294 1.042294 1.092294 107.9812 110.6646 110.6646 110.6646 60.0 180.0 300.0  280.788194026798  249.28865361844694  31.499540408351066
1.4296 0.95887 1.092294 1.142294 1.092294 107.9812 110.6646 110.6646 110.6646 60.0 180.0 300.0  383.86144149675965  403.1764664289526  -19.315024932192955
1.4296 0.95887 1.092294 0.992294 1.092294 107.9812 110.6646 110.6646 110.6646 60.0 180.0 300.0  1446.1757031269372  1372.4165938783829  73.7591092485543
1.4296 0.95887 1.092294 1.192294 1.092294 107.9812 110.6646 110.6646 110.6646 60.0 180.0 300.0  1262.5120674744248  1287.0192085743558  -24.507141099931005
1.4296 0.95887 1.092294 0.892294 1.092294 107.9812 110.6646 110.6646 110.6646 60.0 180.0 300.0  7662.99792553857  7457.936999195445  205.06092634312427
1.4296 0.95887 1.092294 1.292294 1.092294 107.9812 110.6646 110.6646 110.6646 60.0 180.0 300.0  4006.8236686363816  4014.9172293347365  -8.09356069835485
1.4296 0.95887 1.092294 0.792294 1.092294 107.9812 110.6646 110.6646 110.6646 60.0 180.0 300.0  22186.945262093097  21802.37694519646  384.5683168966352
1.4296 0.95887 1.092294 1.392294 1.092294 107.9812 110.6646 110.6646 110.6646 60.0 180.0 300.0  7492.50451733917  7456.227798043098  36.27671929607186
1.4296 0.95887 1.092294 1.492294 1.092294 107.9812 110.6646 110.6646 110.6646 60.0 180.0 300.0  11268.706233210862  11147.692925068692  121.01330814216999
1.4296 0.95887 1.092294 1.592294 1.092294 107.9812 110.6646 110.6646 110.6646 60.0 180.0 300.0  15060.171882860363  14800.810831263681  259.36105159668114
1.4296 0.95887 1.092294 1.792294 1.092294 107.9812 110.6646 110.6646 110.6646 60.0 180.0 300.0  22087.712958257645  21416.09149129066  671.6214669669862
Total rms:
208.65813617762902
rms for energies below 10000 cm-1:
82.5283193797185
rms for energies below 5000 cm-1:
36.910546437434206
rms for energies below 1000 cm-1:
22.49013506427763
Error in parameters: 
error
