Minimum in the potential energy:
-115.601338635867
Invariance of current potential:
Symmetry Operation E: 0.0
Symmetry Operation (123): 0.0
Symmetry Operation (132): 0.0
Symmetry Operation (12)*: 0.0
Symmetry Operation (23)*: 0.0
Symmetry Operation (13)*: 0.0
Initializing fit coordinates...
  0.095257 seconds (71.96 k allocations: 5.319 MiB, 99.77% compilation time)
Done!
Begin fitting...
  2.521575 seconds (6.35 M allocations: 424.466 MiB, 11.93% gc time, 99.58% compilation time)
Done!
Parameters of fit:
f  0 0 0 0 0 0 0 0 0 0 0 0   -0.006409590719920134
f  0 0 0 0 0 0 0 0 0 1 0 1   -19.16031411746458
f  0 0 0 0 0 0 0 0 0 2 0 0   3325.8181861736775
f  0 0 0 0 0 0 0 0 0 4 0 0   14.898821456585296
f  0 0 0 0 0 0 0 0 0 5 0 0   -47.917778971846936
f  0 0 0 0 0 0 0 0 0 8 0 0   -0.6293250591002159
f  0 0 0 0 0 0 0 0 0 1 2 0   1041.2931528366987
Displaying energies at grid
1.4296 0.95887 1.092294 1.092294 1.092294 107.9812 110.6646 110.6646 110.6646 0.0 120.0 240.0  0.0  -0.03845754431949996  0.03845754431949996
1.4296 0.95887 1.092294 1.092294 1.092294 107.9812 110.6646 110.6646 110.6646 0.0 117.95875855 242.04124145  69.90477661043406  69.89151319473343  0.01326341570062084
1.4296 0.95887 1.092294 1.092294 1.092294 107.9812 110.6646 110.6646 110.6646 0.0 122.04124145 237.95875855  82.03483785316348  82.00078279317165  0.034055059991828784
1.4296 0.95887 1.092294 1.092294 1.092294 107.9812 110.6646 110.6646 110.6646 0.0 115.9175171 244.0824829  285.5445672236383  285.57225257973835  -0.02768535610005074
1.4296 0.95887 1.092294 1.092294 1.092294 107.9812 110.6646 110.6646 110.6646 0.0 124.0824829 235.9175171  322.274967353791  322.2743334590134  0.0006338947775930137
1.4296 0.95887 1.092294 1.092294 1.092294 107.9812 110.6646 110.6646 110.6646 0.0 111.83503419 248.16496581  1129.1534275822341  1129.217904917852  -0.06447733561776658
1.4296 0.95887 1.092294 1.092294 1.092294 107.9812 110.6646 110.6646 110.6646 0.0 128.16496581 231.83503419  1303.0703656673431  1303.1451835367209  -0.07481786937773904
1.4296 0.95887 1.092294 1.092294 1.092294 107.9812 110.6646 110.6646 110.6646 0.0 107.75255129 252.24744871  2480.057821381837  2480.004334352228  0.05348702960918672
1.4296 0.95887 1.092294 1.092294 1.092294 107.9812 110.6646 110.6646 110.6646 0.0 132.24744871 227.75255129  2995.7339766658843  2995.695218678866  0.038757987018470885
1.4296 0.95887 1.092294 1.092294 1.092294 107.9812 110.6646 110.6646 110.6646 0.0 99.58758548 260.41241452  6483.5762279853225  6483.588086536058  -0.011858550735269091
1.4296 0.95887 1.092294 1.092294 1.092294 107.9812 110.6646 110.6646 110.6646 0.0 140.41241452 219.58758548  8750.893590167165  8750.896504031869  -0.0029138647041691
1.4296 0.95887 1.092294 1.092294 1.092294 107.9812 110.6646 110.6646 110.6646 0.0 95.50510257 264.49489743  9012.90508807078  9012.901989694077  0.003098376702837413
rms:
0.03857711847621253
Error in parameters: 
error
