Minimum in the potential energy:
-115.602443741546
Invariance of current potential...
Potential before transformations:
34.16480889293721
Symmetry Operation E: 0.0
Symmetry Operation (123): 0.0
Symmetry Operation (132): 0.0
Symmetry Operation (12)*: 0.0
Symmetry Operation (23)*: 0.0
Symmetry Operation (13)*: 0.0
Initializing fit coordinates...
  0.202254 seconds (269.03 k allocations: 18.601 MiB, 5.76% gc time, 99.76% compilation time)
Done!
Begin fitting...
  0.066099 seconds (112.65 k allocations: 7.617 MiB, 99.61% compilation time)
Done!
Parameters of fit:
f  0 0 0 0 0 0 0 0 0 0 0 0   -0.6965391322146121
f  0 2 0 0 0 0 0 0 0 0 0 0   40344.81751335051
f  0 3 0 0 0 0 0 0 0 0 0 0   -982.0062796684366
f  0 4 0 0 0 0 0 0 0 0 0 0   2669.236130138974
f  0 5 0 0 0 0 0 0 0 0 0 0   1632.8909821139368
f  0 6 0 0 0 0 0 0 0 0 0 0   2195.1250533625957
f  0 7 0 0 0 0 0 0 0 0 0 0   -474.4405231278867
f  0 8 0 0 0 0 0 0 0 0 0 0   -1563.5214372133676
Displaying energies at grid
1.4296 0.95887 1.092294 1.092294 1.092294 107.9812 110.6646 110.6646 110.6646 60.0 180.0 300.0  0.0  -0.1758449869174783  0.1758449869174783
1.4296 0.90887 1.092294 1.092294 1.092294 107.9812 110.6646 110.6646 110.6646 60.0 180.0 300.0  557.1665620096028  557.2303753068085  -0.06381329720568374
1.4296 1.00887 1.092294 1.092294 1.092294 107.9812 110.6646 110.6646 110.6646 60.0 180.0 300.0  499.6311148107052  499.67088772165215  -0.03977291094696511
1.4296 0.85887 1.092294 1.092294 1.092294 107.9812 110.6646 110.6646 110.6646 60.0 180.0 300.0  2608.2641143649817  2608.2354358859216  0.028678479060090467
1.4296 1.05887 1.092294 1.092294 1.092294 107.9812 110.6646 110.6646 110.6646 60.0 180.0 300.0  1735.8824262991548  1736.0958296318174  -0.21340333266266498
1.4296 0.75887 1.092294 1.092294 1.092294 107.9812 110.6646 110.6646 110.6646 60.0 180.0 300.0  13822.243102844805  13822.24519684802  -0.002094003215461271
1.4296 1.15887 1.092294 1.092294 1.092294 107.9812 110.6646 110.6646 110.6646 60.0 180.0 300.0  5537.102337054908  5536.897227993892  0.2051090610166284
1.4296 0.65887 1.092294 1.092294 1.092294 107.9812 110.6646 110.6646 110.6646 60.0 180.0 300.0  41825.52710920945  41825.38404469478  0.14306451466836734
1.4296 1.25887 1.092294 1.092294 1.092294 107.9812 110.6646 110.6646 110.6646 60.0 180.0 300.0  10162.437980569899  10162.563176285625  -0.12519571572556742
1.4296 1.35887 1.092294 1.092294 1.092294 107.9812 110.6646 110.6646 110.6646 60.0 180.0 300.0  14928.835848730057  14928.768909345914  0.06693938414355216
1.4296 1.45887 1.092294 1.092294 1.092294 107.9812 110.6646 110.6646 110.6646 60.0 180.0 300.0  19461.353462427855  19457.510791468252  3.842670959602401
1.4296 1.65887 1.092294 1.092294 1.092294 107.9812 110.6646 110.6646 110.6646 60.0 180.0 300.0  27126.38408100605  27135.308055144833  -8.923974138782796
Total rms:
2.807268391563547
rms for energies below 10000 cm-1:
0.14434255853889116
rms for energies below 5000 cm-1:
0.12879356996542674
rms for energies below 1000 cm-1:
0.11041660619288546
Error in parameters: 
error
