Minimum in the potential energy:
-115.601338635867
Invariance of current potential:
Symmetry Operation E: 0.0
Symmetry Operation (123): 0.0
Symmetry Operation (132): 0.0
Symmetry Operation (12)*: 0.0
Symmetry Operation (23)*: 0.0
Symmetry Operation (13)*: 0.0
Initializing fit coordinates...
  0.187195 seconds (261.43 k allocations: 38.955 MiB, 16.01% gc time, 77.54% compilation time)
Done!
Begin fitting...
  3.805132 seconds (6.35 M allocations: 425.241 MiB, 9.87% gc time, 99.59% compilation time)
Done!
Parameters of fit:
f  0 0 0 0 0 0 0 0 0 0 0 0   0.03152086972953495
f  1 0 0 0 0 0 0 0 0 0 0 0   237.13350410706812
f  0 1 0 0 0 0 0 0 0 0 0 0   142.08748032007261
f  2 0 0 0 0 0 0 0 0 0 0 0   10922.68282231268
f  0 2 0 0 0 0 0 0 0 0 0 0   12748.751286829036
f  3 0 0 0 0 0 0 0 0 0 0 0   -3504.6364835615987
f  0 3 0 0 0 0 0 0 0 0 0 0   -5208.498715227793
f  4 0 0 0 0 0 0 0 0 0 0 0   707.5067819562028
f  0 4 0 0 0 0 0 0 0 0 0 0   1493.72310270071
f  5 0 0 0 0 0 0 0 0 0 0 0   -146.9572776763405
f  0 5 0 0 0 0 0 0 0 0 0 0   -749.3359497337453
f  6 0 0 0 0 0 0 0 0 0 0 0   -106.60201945221526
f  0 6 0 0 0 0 0 0 0 0 0 0   201.39868107841775
f  7 0 0 0 0 0 0 0 0 0 0 0   -560.3763759664165
f  0 7 0 0 0 0 0 0 0 0 0 0   392.05807525991895
f  8 0 0 0 0 0 0 0 0 0 0 0   -644.0278162365108
f  0 8 0 0 0 0 0 0 0 0 0 0   -2344.034920752858
f  1 1 0 0 0 0 0 0 0 0 0 0   -500.2160811094558
f  1 2 0 0 0 0 0 0 0 0 0 0   94.33955755965839
f  2 1 0 0 0 0 0 0 0 0 0 0   -475.41171261398705
f  1 3 0 0 0 0 0 0 0 0 0 0   81.7861477597348
f  3 1 0 0 0 0 0 0 0 0 0 0   124.35276274579454
f  2 2 0 0 0 0 0 0 0 0 0 0   -385.36459780024063
f  4 1 0 0 0 0 0 0 0 0 0 0   85.40946728245834
f  1 4 0 0 0 0 0 0 0 0 0 0   476.5168252087999
f  3 2 0 0 0 0 0 0 0 0 0 0   206.492079057239
f  2 3 0 0 0 0 0 0 0 0 0 0   -463.82642055054185
f  3 3 0 0 0 0 0 0 0 0 0 0   596.539065337747
f  1 5 0 0 0 0 0 0 0 0 0 0   919.1346599431015
f  5 1 0 0 0 0 0 0 0 0 0 0   68.67515547007986
f  4 2 0 0 0 0 0 0 0 0 0 0   -103.78976074127243
f  2 4 0 0 0 0 0 0 0 0 0 0   -908.5483034005957
Displaying energies at grid
1.4296 0.95887 1.092294 1.092294 1.092294 107.9812 110.6646 110.6646 110.6646 0.0 120.0 240.0  0.0  0.18912521837720972  -0.18912521837720972
1.4796 1.00887 1.092294 1.092294 1.092294 107.9812 110.6646 110.6646 110.6646 0.0 120.0 240.0  928.5370923951268  928.5925473348686  -0.05545493974182136
1.4796 0.85887 1.092294 1.092294 1.092294 107.9812 110.6646 110.6646 110.6646 0.0 120.0 240.0  2984.0271329581738  2983.9778135582305  0.0493193999432151
1.4796 1.05887 1.092294 1.092294 1.092294 107.9812 110.6646 110.6646 110.6646 0.0 120.0 240.0  2188.01190796867  2187.915216921223  0.09669104744716606
1.4796 0.80887 1.092294 1.092294 1.092294 107.9812 110.6646 110.6646 110.6646 0.0 120.0 240.0  7118.810250584036  7118.798478887952  0.011771696083997085
1.4796 1.15887 1.092294 1.092294 1.092294 107.9812 110.6646 110.6646 110.6646 0.0 120.0 240.0  6041.096546493471  6040.896094897452  0.20045159601886553
1.4796 0.75887 1.092294 1.092294 1.092294 107.9812 110.6646 110.6646 110.6646 0.0 120.0 240.0  14181.825626056641  14181.913197644844  -0.08757158820299082
1.4796 1.25887 1.092294 1.092294 1.092294 107.9812 110.6646 110.6646 110.6646 0.0 120.0 240.0  10722.549360547215  10722.659363749994  -0.11000320277889841
1.4796 1.35887 1.092294 1.092294 1.092294 107.9812 110.6646 110.6646 110.6646 0.0 120.0 240.0  15545.652815774083  15545.42615515764  0.22666061644304136
1.4796 1.45887 1.092294 1.092294 1.092294 107.9812 110.6646 110.6646 110.6646 0.0 120.0 240.0  20131.539185937494  20126.508127146022  5.031058791471878
1.3296 1.00887 1.092294 1.092294 1.092294 107.9812 110.6646 110.6646 110.6646 0.0 120.0 240.0  2000.8896875046194  2000.6717522193046  0.21793528531475204
1.3296 0.85887 1.092294 1.092294 1.092294 107.9812 110.6646 110.6646 110.6646 0.0 120.0 240.0  3891.582111418247  3891.7596295211774  -0.17751810293020753
1.3296 1.05887 1.092294 1.092294 1.092294 107.9812 110.6646 110.6646 110.6646 0.0 120.0 240.0  3301.2690578363836  3301.106873818447  0.16218401793639714
1.3296 0.80887 1.092294 1.092294 1.092294 107.9812 110.6646 110.6646 110.6646 0.0 120.0 240.0  7956.4713054560125  7956.288876378183  0.1824290778295108
1.3296 1.15887 1.092294 1.092294 1.092294 107.9812 110.6646 110.6646 110.6646 0.0 120.0 240.0  7213.893182210624  7214.0758537548445  -0.18267154422028398
1.3296 0.75887 1.092294 1.092294 1.092294 107.9812 110.6646 110.6646 110.6646 0.0 120.0 240.0  14940.763396561146  14940.915719315257  -0.15232275411108276
1.3296 1.25887 1.092294 1.092294 1.092294 107.9812 110.6646 110.6646 110.6646 0.0 120.0 240.0  11921.426259163767  11921.45197853865  -0.025719374882100965
1.3296 1.35887 1.092294 1.092294 1.092294 107.9812 110.6646 110.6646 110.6646 0.0 120.0 240.0  16731.63800924644  16732.00485902448  -0.3668497780417965
1.3296 1.45887 1.092294 1.092294 1.092294 107.9812 110.6646 110.6646 110.6646 0.0 120.0 240.0  21260.757718477398  21263.99412434652  -3.2364058691200626
1.5296 1.00887 1.092294 1.092294 1.092294 107.9812 110.6646 110.6646 110.6646 0.0 120.0 240.0  1822.1992225274444  1822.3446872598004  -0.14546473235600388
1.5296 0.85887 1.092294 1.092294 1.092294 107.9812 110.6646 110.6646 110.6646 0.0 120.0 240.0  3937.907653324306  3937.791557426813  0.11609589749286897
1.5296 1.05887 1.092294 1.092294 1.092294 107.9812 110.6646 110.6646 110.6646 0.0 120.0 240.0  3065.0250892601907  3065.059149371651  -0.03406011146034871
1.5296 0.80887 1.092294 1.092294 1.092294 107.9812 110.6646 110.6646 110.6646 0.0 120.0 240.0  8096.379982639104  8096.482911891671  -0.10292925256726448
1.5296 1.15887 1.092294 1.092294 1.092294 107.9812 110.6646 110.6646 110.6646 0.0 120.0 240.0  6890.2201193235815  6890.063769095482  0.1563502280996545
1.5296 0.75887 1.092294 1.092294 1.092294 107.9812 110.6646 110.6646 110.6646 0.0 120.0 240.0  15185.172835566103  15184.921554111683  0.2512814544206776
1.5296 1.25887 1.092294 1.092294 1.092294 107.9812 110.6646 110.6646 110.6646 0.0 120.0 240.0  11551.795296765864  11551.959158047448  -0.1638612815841043
1.5296 1.35887 1.092294 1.092294 1.092294 107.9812 110.6646 110.6646 110.6646 0.0 120.0 240.0  16364.182216010988  16364.062953624063  0.1192623869246745
1.5296 1.45887 1.092294 1.092294 1.092294 107.9812 110.6646 110.6646 110.6646 0.0 120.0 240.0  20949.537245556712  20943.83765479523  5.699590761483705
1.2796 1.00887 1.092294 1.092294 1.092294 107.9812 110.6646 110.6646 110.6646 0.0 120.0 240.0  4356.093996822834  4355.9257322893445  0.16826453348949144
1.2796 0.85887 1.092294 1.092294 1.092294 107.9812 110.6646 110.6646 110.6646 0.0 120.0 240.0  6203.568784445524  6203.750770196533  -0.18198575100905146
1.2796 1.05887 1.092294 1.092294 1.092294 107.9812 110.6646 110.6646 110.6646 0.0 120.0 240.0  5664.428321685642  5664.492395643203  -0.06407395756104961
1.2796 0.80887 1.092294 1.092294 1.092294 107.9812 110.6646 110.6646 110.6646 0.0 120.0 240.0  10247.223929617554  10247.101940206898  0.12198941065616964
1.2796 1.15887 1.092294 1.092294 1.092294 107.9812 110.6646 110.6646 110.6646 0.0 120.0 240.0  9582.525598157197  9582.8564042278  -0.33080607060219336
1.2796 0.75887 1.092294 1.092294 1.092294 107.9812 110.6646 110.6646 110.6646 0.0 120.0 240.0  17206.239927351475  17206.561296864413  -0.321369512937963
1.2796 1.25887 1.092294 1.092294 1.092294 107.9812 110.6646 110.6646 110.6646 0.0 120.0 240.0  14279.545092146844  14279.059392548405  0.48569959843916877
1.2796 1.35887 1.092294 1.092294 1.092294 107.9812 110.6646 110.6646 110.6646 0.0 120.0 240.0  19060.24645203352  19060.90758281184  -0.661130778320512
1.2796 1.45887 1.092294 1.092294 1.092294 107.9812 110.6646 110.6646 110.6646 0.0 120.0 240.0  23538.25818267092  23547.877159276857  -9.61897660593604
1.6296 1.00887 1.092294 1.092294 1.092294 107.9812 110.6646 110.6646 110.6646 0.0 120.0 240.0  4610.745246652514  4610.816357672746  -0.07111102023191052
1.6296 0.85887 1.092294 1.092294 1.092294 107.9812 110.6646 110.6646 110.6646 0.0 120.0 240.0  6846.649096835405  6846.41455625768  0.2345405777250562
1.6296 1.05887 1.092294 1.092294 1.092294 107.9812 110.6646 110.6646 110.6646 0.0 120.0 240.0  5819.0800960846245  5819.1764862167465  -0.09639013212199643
1.6296 0.80887 1.092294 1.092294 1.092294 107.9812 110.6646 110.6646 110.6646 0.0 120.0 240.0  11050.94969824329  11051.150637880326  -0.2009396370358445
1.6296 1.15887 1.092294 1.092294 1.092294 107.9812 110.6646 110.6646 110.6646 0.0 120.0 240.0  9584.168229468167  9584.028485765934  0.1397437022333179
1.6296 0.75887 1.092294 1.092294 1.092294 107.9812 110.6646 110.6646 110.6646 0.0 120.0 240.0  18188.79588859901  18186.74029563317  2.055592965836695
1.6296 1.25887 1.092294 1.092294 1.092294 107.9812 110.6646 110.6646 110.6646 0.0 120.0 240.0  14198.709020551294  14198.891701500921  -0.18268094962695614
1.6296 1.35887 1.092294 1.092294 1.092294 107.9812 110.6646 110.6646 110.6646 0.0 120.0 240.0  18978.838719040155  18979.017791899227  -0.17907285907131154
1.6296 1.45887 1.092294 1.092294 1.092294 107.9812 110.6646 110.6646 110.6646 0.0 120.0 240.0  23548.190366808325  23542.432244094234  5.7581227140908595
1.2296 1.00887 1.092294 1.092294 1.092294 107.9812 110.6646 110.6646 110.6646 0.0 120.0 240.0  8250.781303782016  8250.636029343003  0.14527443901351944
1.2296 0.85887 1.092294 1.092294 1.092294 107.9812 110.6646 110.6646 110.6646 0.0 120.0 240.0  10065.041451647878  10065.070361075788  -0.028909427910548402
1.2296 1.05887 1.092294 1.092294 1.092294 107.9812 110.6646 110.6646 110.6646 0.0 120.0 240.0  9562.454284839332  9562.670000785243  -0.21571594591114263
1.2296 0.80887 1.092294 1.092294 1.092294 107.9812 110.6646 110.6646 110.6646 0.0 120.0 240.0  14089.538272939622  14089.519217938932  0.019055000690059387
1.2296 1.15887 1.092294 1.092294 1.092294 107.9812 110.6646 110.6646 110.6646 0.0 120.0 240.0  13474.497337400913  13474.36021139855  0.13712600236249273
1.2296 0.75887 1.092294 1.092294 1.092294 107.9812 110.6646 110.6646 110.6646 0.0 120.0 240.0  21024.641108829528  21025.51481857132  -0.8737097417906625
1.2296 1.25887 1.092294 1.092294 1.092294 107.9812 110.6646 110.6646 110.6646 0.0 120.0 240.0  18145.676961462945  18143.432325139198  2.2446363237468177
1.2296 1.35887 1.092294 1.092294 1.092294 107.9812 110.6646 110.6646 110.6646 0.0 120.0 240.0  22876.714026026428  22877.04864769413  -0.3346216677018674
1.2296 1.45887 1.092294 1.092294 1.092294 107.9812 110.6646 110.6646 110.6646 0.0 120.0 240.0  27277.855705108494  27296.69787820495  -18.842173096454644
1.7296 1.00887 1.092294 1.092294 1.092294 107.9812 110.6646 110.6646 110.6646 0.0 120.0 240.0  8140.4563252702355  8140.418440695355  0.03788457488099084
1.7296 0.85887 1.092294 1.092294 1.092294 107.9812 110.6646 110.6646 110.6646 0.0 120.0 240.0  10490.702022105455  10490.623727723647  0.07829438180851866
1.7296 1.05887 1.092294 1.092294 1.092294 107.9812 110.6646 110.6646 110.6646 0.0 120.0 240.0  9314.982638131827  9315.085553134682  -0.10291500285529764
1.7296 0.80887 1.092294 1.092294 1.092294 107.9812 110.6646 110.6646 110.6646 0.0 120.0 240.0  14737.383574005216  14737.523721277976  -0.14014727275935002
1.7296 1.15887 1.092294 1.092294 1.092294 107.9812 110.6646 110.6646 110.6646 0.0 120.0 240.0  13019.433950044215  13019.312904311042  0.12104573317265022
1.7296 0.75887 1.092294 1.092294 1.092294 107.9812 110.6646 110.6646 110.6646 0.0 120.0 240.0  21919.8527212888  21914.25040133948  5.6023199493211
1.7296 1.25887 1.092294 1.092294 1.092294 107.9812 110.6646 110.6646 110.6646 0.0 120.0 240.0  17583.547131035477  17583.74277502181  -0.19564398633156088
1.7296 1.35887 1.092294 1.092294 1.092294 107.9812 110.6646 110.6646 110.6646 0.0 120.0 240.0  22324.588298283517  22325.182813810516  -0.5945155269982934
1.7296 1.45887 1.092294 1.092294 1.092294 107.9812 110.6646 110.6646 110.6646 0.0 120.0 240.0  26867.084260188043  26862.33487148913  4.749388698914117
1.1796 1.00887 1.092294 1.092294 1.092294 107.9812 110.6646 110.6646 110.6646 0.0 120.0 240.0  14153.515328843147  14153.442769659621  0.07255918352529989
1.1796 0.85887 1.092294 1.092294 1.092294 107.9812 110.6646 110.6646 110.6646 0.0 120.0 240.0  15947.682048469782  15947.675601973027  0.00644649675450637
1.1796 1.05887 1.092294 1.092294 1.092294 107.9812 110.6646 110.6646 110.6646 0.0 120.0 240.0  15462.515776768327  15462.679925405551  -0.16414863722457085
1.1796 0.80887 1.092294 1.092294 1.092294 107.9812 110.6646 110.6646 110.6646 0.0 120.0 240.0  19955.844991024584  19956.36499207755  -0.5200010529661085
1.1796 1.15887 1.092294 1.092294 1.092294 107.9812 110.6646 110.6646 110.6646 0.0 120.0 240.0  19353.438939973712  19351.492350886587  1.9465890871251759
1.1796 0.75887 1.092294 1.092294 1.092294 107.9812 110.6646 110.6646 110.6646 0.0 120.0 240.0  26869.01388881728  26871.53040729681  -2.5165184795296227
1.1796 1.25887 1.092294 1.092294 1.092294 107.9812 110.6646 110.6646 110.6646 0.0 120.0 240.0  23978.54693474993  23972.14939813088  6.397536619049788
1.1796 1.35887 1.092294 1.092294 1.092294 107.9812 110.6646 110.6646 110.6646 0.0 120.0 240.0  28633.003482855856  28631.723729074292  1.279753781564068
1.1796 1.45887 1.092294 1.092294 1.092294 107.9812 110.6646 110.6646 110.6646 0.0 120.0 240.0  32922.61479736492  32954.83404819274  -32.21925082781672
1.8296 1.00887 1.092294 1.092294 1.092294 107.9812 110.6646 110.6646 110.6646 0.0 120.0 240.0  11940.148960575461  11940.040835939579  0.10812463588263199
1.8296 0.85887 1.092294 1.092294 1.092294 107.9812 110.6646 110.6646 110.6646 0.0 120.0 240.0  14395.031395614147  14395.149647540333  -0.11825192618562141
1.8296 1.05887 1.092294 1.092294 1.092294 107.9812 110.6646 110.6646 110.6646 0.0 120.0 240.0  13083.198559552431  13083.29535533009  -0.09679577765928116
1.8296 0.80887 1.092294 1.092294 1.092294 107.9812 110.6646 110.6646 110.6646 0.0 120.0 240.0  18679.78772237152  18679.233673872423  0.5540484990960977
1.8296 1.15887 1.092294 1.092294 1.092294 107.9812 110.6646 110.6646 110.6646 0.0 120.0 240.0  16730.327942792326  16730.206075356426  0.12186743590063998
1.8296 0.75887 1.092294 1.092294 1.092294 107.9812 110.6646 110.6646 110.6646 0.0 120.0 240.0  25901.8664470613  25890.376106374675  11.490340686625132
1.8296 1.25887 1.092294 1.092294 1.092294 107.9812 110.6646 110.6646 110.6646 0.0 120.0 240.0  21245.274706877768  21245.47761775232  -0.20291087455188972
1.8296 1.35887 1.092294 1.092294 1.092294 107.9812 110.6646 110.6646 110.6646 0.0 120.0 240.0  25945.99156090617  25947.127164604157  -1.1356036979850614
1.8296 1.45887 1.092294 1.092294 1.092294 107.9812 110.6646 110.6646 110.6646 0.0 120.0 240.0  30457.426432207227  30454.503563126935  2.9228690802920028
1.9296 1.00887 1.092294 1.092294 1.092294 107.9812 110.6646 110.6646 110.6646 0.0 120.0 240.0  15718.550943411887  15718.501436495611  0.049506916275277035
1.9296 0.85887 1.092294 1.092294 1.092294 107.9812 110.6646 110.6646 110.6646 0.0 120.0 240.0  18266.788025058806  18266.824009987733  -0.035984928927064175
1.9296 1.05887 1.092294 1.092294 1.092294 107.9812 110.6646 110.6646 110.6646 0.0 120.0 240.0  16833.23099602759  16833.440816467413  -0.2098204398243979
1.9296 0.80887 1.092294 1.092294 1.092294 107.9812 110.6646 110.6646 110.6646 0.0 120.0 240.0  22585.097323354334  22582.745864058375  2.3514592959581933
1.9296 1.15887 1.092294 1.092294 1.092294 107.9812 110.6646 110.6646 110.6646 0.0 120.0 240.0  20428.245622921735  20428.279850722036  -0.034227800300868694
1.9296 0.75887 1.092294 1.092294 1.092294 107.9812 110.6646 110.6646 110.6646 0.0 120.0 240.0  29841.765118263662  29821.63224546072  20.132872802940255
1.9296 1.25887 1.092294 1.092294 1.092294 107.9812 110.6646 110.6646 110.6646 0.0 120.0 240.0  24897.662224456668  24898.138500402587  -0.476275945919042
1.9296 1.35887 1.092294 1.092294 1.092294 107.9812 110.6646 110.6646 110.6646 0.0 120.0 240.0  29559.733359914273  29561.958437195623  -2.225077281349513
1.9296 1.45887 1.092294 1.092294 1.092294 107.9812 110.6646 110.6646 110.6646 0.0 120.0 240.0  34039.399385843426  34039.6513203638  -0.25193452037638053
rms:
4.988892525466775
Error in parameters: 
error
