Minimum in the potential energy:
-115.601338635867
Invariance of current potential...
Potential before transformations:
13.688618533012196
Symmetry Operation E: 0.0
Symmetry Operation (123): 0.0
Symmetry Operation (132): 0.0
Symmetry Operation (12)*: 0.0
Symmetry Operation (23)*: 0.0
Symmetry Operation (13)*: 0.0
Initializing fit coordinates...
  0.139857 seconds (73.56 k allocations: 5.604 MiB, 99.74% compilation time)
Done!
Begin fitting...
  0.109926 seconds (108.42 k allocations: 7.323 MiB, 88.10% compilation time)
Done!
Parameters of fit:
f  0 0 0 0 0 0 0 0 0 0 0 0   -0.0020516464781739764
f  0 0 1 0 0 0 0 0 0 0 0 0   116.51970517252013
f  0 0 2 0 0 0 0 0 0 0 0 0   27234.59116449083
f  0 0 3 0 0 0 0 0 0 0 0 0   -6941.719044575776
f  0 0 4 0 0 0 0 0 0 0 0 0   2224.6354937980705
f  0 0 5 0 0 0 0 0 0 0 0 0   -149.37378278657224
f  0 0 6 0 0 0 0 0 0 0 0 0   663.7473259971983
f  0 0 7 0 0 0 0 0 0 0 0 0   1.8034270259954477
f  0 0 8 0 0 0 0 0 0 0 0 0   -1174.3519782462517
Displaying energies at grid
1.4296 0.95887 1.092294 1.092294 1.092294 107.9812 110.6646 110.6646 110.6646 0.0 120.0 240.0  0.0  -0.012309878869043858  0.012309878869043858
1.4296 0.95887 0.792294 1.092294 1.092294 107.9812 110.6646 110.6646 110.6646 0.0 120.0 240.0  22423.03907402605  22422.976157455654  0.06291657039400889
1.4296 0.95887 0.892294 1.092294 1.092294 107.9812 110.6646 110.6646 110.6646 0.0 120.0 240.0  7857.7259883880615  7857.726689711798  -0.0007013237363935332
1.4296 0.95887 0.992294 1.092294 1.092294 107.9812 110.6646 110.6646 110.6646 0.0 120.0 240.0  1561.0237844735384  1561.013436894673  0.010347578865321339
1.4296 0.95887 1.042294 1.092294 1.092294 107.9812 110.6646 110.6646 110.6646 0.0 120.0 240.0  342.33309353515506  342.3579156369074  -0.024822101752363324
1.4296 0.95887 1.142294 1.092294 1.092294 107.9812 110.6646 110.6646 110.6646 0.0 120.0 240.0  314.6739608719945  314.65580150663305  0.01815936536144136
1.4296 0.95887 1.192294 1.092294 1.092294 107.9812 110.6646 110.6646 110.6646 0.0 120.0 240.0  1117.1910475939512  1117.2039586135297  -0.012911019578496052
1.4296 0.95887 1.292294 1.092294 1.092294 107.9812 110.6646 110.6646 110.6646 0.0 120.0 240.0  3691.6906087584794  3691.709667105001  -0.019058346521433123
1.4296 0.95887 1.392294 1.092294 1.092294 107.9812 110.6646 110.6646 110.6646 0.0 120.0 240.0  6990.558705225587  6990.522119102673  0.03658612291383179
1.4296 0.95887 1.492294 1.092294 1.092294 107.9812 110.6646 110.6646 110.6646 0.0 120.0 240.0  10571.55599360913  10571.58794846645  -0.03195485731885128
1.4296 0.95887 1.592294 1.092294 1.092294 107.9812 110.6646 110.6646 110.6646 0.0 120.0 240.0  14168.548673138022  14168.527505114977  0.021168023045902373
1.4296 0.95887 1.792294 1.092294 1.092294 107.9812 110.6646 110.6646 110.6646 0.0 120.0 240.0  20843.98915848136  20844.845399777314  -0.8562412959545327
rms:
0.2486044894119637
Error in parameters: 
error
